ARM GAS  C:\Users\marlowea\AppData\Local\Temp\ccfKNKWh.s 			page 1


   1              		.syntax unified
   2              		.cpu cortex-m3
   3              		.fpu softvfp
   4              		.eabi_attribute 20, 1
   5              		.eabi_attribute 21, 1
   6              		.eabi_attribute 23, 3
   7              		.eabi_attribute 24, 1
   8              		.eabi_attribute 25, 1
   9              		.eabi_attribute 26, 1
  10              		.eabi_attribute 30, 1
  11              		.eabi_attribute 34, 1
  12              		.eabi_attribute 18, 4
  13              		.thumb
  14              		.syntax unified
  15              		.file	"cymetadata.c"
  16              		.text
  17              	.Ltext0:
  18              		.cfi_sections	.debug_frame
  19              		.global	cy_metadata
  20              		.global	cy_meta_flashprotect
  21              		.global	cy_meta_wonvl
  22              		.global	cy_meta_custnvl
  23              		.global	cy_meta_configecc
  24              		.section	.cyconfigecc,"a",%progbits
  25              		.align	2
  26              		.type	cy_meta_configecc, %object
  27              		.size	cy_meta_configecc, 784
  28              	cy_meta_configecc:
  29 0000 01       		.byte	1
  30 0001 45       		.byte	69
  31 0002 00       		.byte	0
  32 0003 40       		.byte	64
  33 0004 01       		.byte	1
  34 0005 52       		.byte	82
  35 0006 00       		.byte	0
  36 0007 40       		.byte	64
  37 0008 01       		.byte	1
  38 0009 64       		.byte	100
  39 000a 00       		.byte	0
  40 000b 40       		.byte	64
  41 000c 02       		.byte	2
  42 000d 65       		.byte	101
  43 000e 00       		.byte	0
  44 000f 40       		.byte	64
  45 0010 01       		.byte	1
  46 0011 01       		.byte	1
  47 0012 01       		.byte	1
  48 0013 40       		.byte	64
  49 0014 02       		.byte	2
  50 0015 03       		.byte	3
  51 0016 01       		.byte	1
  52 0017 40       		.byte	64
  53 0018 01       		.byte	1
  54 0019 07       		.byte	7
  55 001a 01       		.byte	1
  56 001b 40       		.byte	64
  57 001c 01       		.byte	1
ARM GAS  C:\Users\marlowea\AppData\Local\Temp\ccfKNKWh.s 			page 2


  58 001d 09       		.byte	9
  59 001e 01       		.byte	1
  60 001f 40       		.byte	64
  61 0020 11       		.byte	17
  62 0021 0C       		.byte	12
  63 0022 01       		.byte	1
  64 0023 40       		.byte	64
  65 0024 07       		.byte	7
  66 0025 0D       		.byte	13
  67 0026 01       		.byte	1
  68 0027 40       		.byte	64
  69 0028 3C       		.byte	60
  70 0029 0E       		.byte	14
  71 002a 01       		.byte	1
  72 002b 40       		.byte	64
  73 002c 1C       		.byte	28
  74 002d 0F       		.byte	15
  75 002e 01       		.byte	1
  76 002f 40       		.byte	64
  77 0030 30       		.byte	48
  78 0031 16       		.byte	22
  79 0032 01       		.byte	1
  80 0033 40       		.byte	64
  81 0034 19       		.byte	25
  82 0035 17       		.byte	23
  83 0036 01       		.byte	1
  84 0037 40       		.byte	64
  85 0038 30       		.byte	48
  86 0039 18       		.byte	24
  87 003a 01       		.byte	1
  88 003b 40       		.byte	64
  89 003c 18       		.byte	24
  90 003d 19       		.byte	25
  91 003e 01       		.byte	1
  92 003f 40       		.byte	64
  93 0040 08       		.byte	8
  94 0041 40       		.byte	64
  95 0042 01       		.byte	1
  96 0043 40       		.byte	64
  97 0044 0A       		.byte	10
  98 0045 41       		.byte	65
  99 0046 01       		.byte	1
 100 0047 40       		.byte	64
 101 0048 05       		.byte	5
 102 0049 42       		.byte	66
 103 004a 01       		.byte	1
 104 004b 40       		.byte	64
 105 004c 07       		.byte	7
 106 004d 43       		.byte	67
 107 004e 01       		.byte	1
 108 004f 40       		.byte	64
 109 0050 03       		.byte	3
 110 0051 44       		.byte	68
 111 0052 01       		.byte	1
 112 0053 40       		.byte	64
 113 0054 05       		.byte	5
 114 0055 47       		.byte	71
ARM GAS  C:\Users\marlowea\AppData\Local\Temp\ccfKNKWh.s 			page 3


 115 0056 01       		.byte	1
 116 0057 40       		.byte	64
 117 0058 09       		.byte	9
 118 0059 48       		.byte	72
 119 005a 01       		.byte	1
 120 005b 40       		.byte	64
 121 005c 01       		.byte	1
 122 005d 4C       		.byte	76
 123 005e 01       		.byte	1
 124 005f 40       		.byte	64
 125 0060 05       		.byte	5
 126 0061 50       		.byte	80
 127 0062 01       		.byte	1
 128 0063 40       		.byte	64
 129 0064 02       		.byte	2
 130 0065 51       		.byte	81
 131 0066 01       		.byte	1
 132 0067 40       		.byte	64
 133 0068 7E       		.byte	126
 134 0069 02       		.byte	2
 135 006a 7C       		.byte	124
 136 006b 40       		.byte	64
 137 006c 8F       		.byte	-113
 138 006d 0D       		.byte	13
 139 006e 87       		.byte	-121
 140 006f 0D       		.byte	13
 141 0070 89       		.byte	-119
 142 0071 0D       		.byte	13
 143 0072 E2       		.byte	-30
 144 0073 08       		.byte	8
 145 0074 EA       		.byte	-22
 146 0075 04       		.byte	4
 147 0076 EE       		.byte	-18
 148 0077 02       		.byte	2
 149 0078 E6       		.byte	-26
 150 0079 04       		.byte	4
 151 007a E6       		.byte	-26
 152 007b 04       		.byte	4
 153 007c 40       		.byte	64
 154 007d 04       		.byte	4
 155 007e 49       		.byte	73
 156 007f FF       		.byte	-1
 157 0080 4A       		.byte	74
 158 0081 FF       		.byte	-1
 159 0082 4B       		.byte	75
 160 0083 FF       		.byte	-1
 161 0084 4C       		.byte	76
 162 0085 02       		.byte	2
 163 0086 4E       		.byte	78
 164 0087 E0       		.byte	-32
 165 0088 52       		.byte	82
 166 0089 01       		.byte	1
 167 008a 5A       		.byte	90
 168 008b 0C       		.byte	12
 169 008c 5B       		.byte	91
 170 008d 04       		.byte	4
 171 008e 5D       		.byte	93
ARM GAS  C:\Users\marlowea\AppData\Local\Temp\ccfKNKWh.s 			page 4


 172 008f 11       		.byte	17
 173 0090 5F       		.byte	95
 174 0091 01       		.byte	1
 175 0092 62       		.byte	98
 176 0093 48       		.byte	72
 177 0094 63       		.byte	99
 178 0095 A1       		.byte	-95
 179 0096 68       		.byte	104
 180 0097 F0       		.byte	-16
 181 0098 6A       		.byte	106
 182 0099 F0       		.byte	-16
 183 009a 6C       		.byte	108
 184 009b F0       		.byte	-16
 185 009c 6E       		.byte	110
 186 009d F0       		.byte	-16
 187 009e 47       		.byte	71
 188 009f 01       		.byte	1
 189 00a0 6F       		.byte	111
 190 00a1 03       		.byte	3
 191 00a2 7F       		.byte	127
 192 00a3 02       		.byte	2
 193 00a4 A8       		.byte	-88
 194 00a5 04       		.byte	4
 195 00a6 AE       		.byte	-82
 196 00a7 01       		.byte	1
 197 00a8 D0       		.byte	-48
 198 00a9 80       		.byte	-128
 199 00aa DE       		.byte	-34
 200 00ab 10       		.byte	16
 201 00ac 0C       		.byte	12
 202 00ad 01       		.byte	1
 203 00ae 0E       		.byte	14
 204 00af 04       		.byte	4
 205 00b0 14       		.byte	20
 206 00b1 04       		.byte	4
 207 00b2 16       		.byte	22
 208 00b3 03       		.byte	3
 209 00b4 30       		.byte	48
 210 00b5 02       		.byte	2
 211 00b6 34       		.byte	52
 212 00b7 04       		.byte	4
 213 00b8 36       		.byte	54
 214 00b9 01       		.byte	1
 215 00ba 3E       		.byte	62
 216 00bb 50       		.byte	80
 217 00bc 40       		.byte	64
 218 00bd 51       		.byte	81
 219 00be 49       		.byte	73
 220 00bf FF       		.byte	-1
 221 00c0 4A       		.byte	74
 222 00c1 FF       		.byte	-1
 223 00c2 4B       		.byte	75
 224 00c3 FF       		.byte	-1
 225 00c4 4F       		.byte	79
 226 00c5 01       		.byte	1
 227 00c6 50       		.byte	80
 228 00c7 18       		.byte	24
ARM GAS  C:\Users\marlowea\AppData\Local\Temp\ccfKNKWh.s 			page 5


 229 00c8 58       		.byte	88
 230 00c9 04       		.byte	4
 231 00ca 5A       		.byte	90
 232 00cb 04       		.byte	4
 233 00cc 5C       		.byte	92
 234 00cd 02       		.byte	2
 235 00ce 5D       		.byte	93
 236 00cf 01       		.byte	1
 237 00d0 5F       		.byte	95
 238 00d1 01       		.byte	1
 239 00d2 60       		.byte	96
 240 00d3 40       		.byte	64
 241 00d4 62       		.byte	98
 242 00d5 40       		.byte	64
 243 00d6 64       		.byte	100
 244 00d7 40       		.byte	64
 245 00d8 65       		.byte	101
 246 00d9 40       		.byte	64
 247 00da 66       		.byte	102
 248 00db 80       		.byte	-128
 249 00dc 68       		.byte	104
 250 00dd 80       		.byte	-128
 251 00de 6A       		.byte	106
 252 00df 80       		.byte	-128
 253 00e0 6C       		.byte	108
 254 00e1 80       		.byte	-128
 255 00e2 6E       		.byte	110
 256 00e3 80       		.byte	-128
 257 00e4 92       		.byte	-110
 258 00e5 01       		.byte	1
 259 00e6 9E       		.byte	-98
 260 00e7 01       		.byte	1
 261 00e8 B0       		.byte	-80
 262 00e9 01       		.byte	1
 263 00ea BE       		.byte	-66
 264 00eb 01       		.byte	1
 265 00ec C0       		.byte	-64
 266 00ed 51       		.byte	81
 267 00ee C5       		.byte	-59
 268 00ef EC       		.byte	-20
 269 00f0 C6       		.byte	-58
 270 00f1 02       		.byte	2
 271 00f2 C8       		.byte	-56
 272 00f3 07       		.byte	7
 273 00f4 C9       		.byte	-55
 274 00f5 FF       		.byte	-1
 275 00f6 CA       		.byte	-54
 276 00f7 FF       		.byte	-1
 277 00f8 CB       		.byte	-53
 278 00f9 FF       		.byte	-1
 279 00fa CD       		.byte	-51
 280 00fb 83       		.byte	-125
 281 00fc CE       		.byte	-50
 282 00fd 03       		.byte	3
 283 00fe CF       		.byte	-49
 284 00ff 01       		.byte	1
 285 0100 D0       		.byte	-48
ARM GAS  C:\Users\marlowea\AppData\Local\Temp\ccfKNKWh.s 			page 6


 286 0101 18       		.byte	24
 287 0102 D2       		.byte	-46
 288 0103 80       		.byte	-128
 289 0104 D4       		.byte	-44
 290 0105 01       		.byte	1
 291 0106 D6       		.byte	-42
 292 0107 04       		.byte	4
 293 0108 D8       		.byte	-40
 294 0109 04       		.byte	4
 295 010a DA       		.byte	-38
 296 010b 04       		.byte	4
 297 010c DB       		.byte	-37
 298 010d 04       		.byte	4
 299 010e DD       		.byte	-35
 300 010f 11       		.byte	17
 301 0110 DF       		.byte	-33
 302 0111 01       		.byte	1
 303 0112 E0       		.byte	-32
 304 0113 40       		.byte	64
 305 0114 E2       		.byte	-30
 306 0115 40       		.byte	64
 307 0116 E4       		.byte	-28
 308 0117 40       		.byte	64
 309 0118 E5       		.byte	-27
 310 0119 40       		.byte	64
 311 011a E6       		.byte	-26
 312 011b 80       		.byte	-128
 313 011c E8       		.byte	-24
 314 011d 80       		.byte	-128
 315 011e EA       		.byte	-22
 316 011f 80       		.byte	-128
 317 0120 EC       		.byte	-20
 318 0121 80       		.byte	-128
 319 0122 EE       		.byte	-18
 320 0123 80       		.byte	-128
 321 0124 03       		.byte	3
 322 0125 02       		.byte	2
 323 0126 0B       		.byte	11
 324 0127 20       		.byte	32
 325 0128 0C       		.byte	12
 326 0129 02       		.byte	2
 327 012a 0D       		.byte	13
 328 012b 80       		.byte	-128
 329 012c 18       		.byte	24
 330 012d 04       		.byte	4
 331 012e 1A       		.byte	26
 332 012f 02       		.byte	2
 333 0130 1B       		.byte	27
 334 0131 02       		.byte	2
 335 0132 1E       		.byte	30
 336 0133 80       		.byte	-128
 337 0134 41       		.byte	65
 338 0135 80       		.byte	-128
 339 0136 45       		.byte	69
 340 0137 80       		.byte	-128
 341 0138 48       		.byte	72
 342 0139 02       		.byte	2
ARM GAS  C:\Users\marlowea\AppData\Local\Temp\ccfKNKWh.s 			page 7


 343 013a 4C       		.byte	76
 344 013b 02       		.byte	2
 345 013c 4D       		.byte	77
 346 013d 04       		.byte	4
 347 013e 4F       		.byte	79
 348 013f 01       		.byte	1
 349 0140 55       		.byte	85
 350 0141 80       		.byte	-128
 351 0142 5D       		.byte	93
 352 0143 04       		.byte	4
 353 0144 5E       		.byte	94
 354 0145 80       		.byte	-128
 355 0146 5F       		.byte	95
 356 0147 01       		.byte	1
 357 0148 67       		.byte	103
 358 0149 80       		.byte	-128
 359 014a 74       		.byte	116
 360 014b 02       		.byte	2
 361 014c 87       		.byte	-121
 362 014d 50       		.byte	80
 363 014e C0       		.byte	-64
 364 014f 01       		.byte	1
 365 0150 C2       		.byte	-62
 366 0151 94       		.byte	-108
 367 0152 D0       		.byte	-48
 368 0153 18       		.byte	24
 369 0154 D2       		.byte	-46
 370 0155 18       		.byte	24
 371 0156 D6       		.byte	-42
 372 0157 D0       		.byte	-48
 373 0158 D8       		.byte	-40
 374 0159 80       		.byte	-128
 375 015a E6       		.byte	-26
 376 015b 02       		.byte	2
 377 015c 40       		.byte	64
 378 015d 45       		.byte	69
 379 015e 49       		.byte	73
 380 015f FF       		.byte	-1
 381 0160 4A       		.byte	74
 382 0161 FF       		.byte	-1
 383 0162 4B       		.byte	75
 384 0163 FF       		.byte	-1
 385 0164 4F       		.byte	79
 386 0165 01       		.byte	1
 387 0166 50       		.byte	80
 388 0167 18       		.byte	24
 389 0168 5A       		.byte	90
 390 0169 04       		.byte	4
 391 016a 5F       		.byte	95
 392 016b 01       		.byte	1
 393 016c 60       		.byte	96
 394 016d 40       		.byte	64
 395 016e 62       		.byte	98
 396 016f 40       		.byte	64
 397 0170 64       		.byte	100
 398 0171 40       		.byte	64
 399 0172 65       		.byte	101
ARM GAS  C:\Users\marlowea\AppData\Local\Temp\ccfKNKWh.s 			page 8


 400 0173 40       		.byte	64
 401 0174 66       		.byte	102
 402 0175 80       		.byte	-128
 403 0176 68       		.byte	104
 404 0177 80       		.byte	-128
 405 0178 6A       		.byte	106
 406 0179 80       		.byte	-128
 407 017a 6C       		.byte	108
 408 017b 80       		.byte	-128
 409 017c 6E       		.byte	110
 410 017d 80       		.byte	-128
 411 017e 8E       		.byte	-114
 412 017f 01       		.byte	1
 413 0180 92       		.byte	-110
 414 0181 01       		.byte	1
 415 0182 B6       		.byte	-74
 416 0183 01       		.byte	1
 417 0184 BE       		.byte	-66
 418 0185 40       		.byte	64
 419 0186 C0       		.byte	-64
 420 0187 54       		.byte	84
 421 0188 C5       		.byte	-59
 422 0189 EC       		.byte	-20
 423 018a C7       		.byte	-57
 424 018b 20       		.byte	32
 425 018c C8       		.byte	-56
 426 018d 23       		.byte	35
 427 018e C9       		.byte	-55
 428 018f FF       		.byte	-1
 429 0190 CA       		.byte	-54
 430 0191 FF       		.byte	-1
 431 0192 CB       		.byte	-53
 432 0193 FF       		.byte	-1
 433 0194 CD       		.byte	-51
 434 0195 83       		.byte	-125
 435 0196 CE       		.byte	-50
 436 0197 03       		.byte	3
 437 0198 CF       		.byte	-49
 438 0199 01       		.byte	1
 439 019a D0       		.byte	-48
 440 019b 18       		.byte	24
 441 019c D2       		.byte	-46
 442 019d 80       		.byte	-128
 443 019e D4       		.byte	-44
 444 019f 01       		.byte	1
 445 01a0 D6       		.byte	-42
 446 01a1 04       		.byte	4
 447 01a2 D8       		.byte	-40
 448 01a3 04       		.byte	4
 449 01a4 DA       		.byte	-38
 450 01a5 04       		.byte	4
 451 01a6 DB       		.byte	-37
 452 01a7 04       		.byte	4
 453 01a8 DF       		.byte	-33
 454 01a9 01       		.byte	1
 455 01aa E0       		.byte	-32
 456 01ab 40       		.byte	64
ARM GAS  C:\Users\marlowea\AppData\Local\Temp\ccfKNKWh.s 			page 9


 457 01ac E2       		.byte	-30
 458 01ad 40       		.byte	64
 459 01ae E4       		.byte	-28
 460 01af 40       		.byte	64
 461 01b0 E5       		.byte	-27
 462 01b1 40       		.byte	64
 463 01b2 E6       		.byte	-26
 464 01b3 80       		.byte	-128
 465 01b4 E8       		.byte	-24
 466 01b5 80       		.byte	-128
 467 01b6 EA       		.byte	-22
 468 01b7 80       		.byte	-128
 469 01b8 EC       		.byte	-20
 470 01b9 80       		.byte	-128
 471 01ba EE       		.byte	-18
 472 01bb 80       		.byte	-128
 473 01bc 02       		.byte	2
 474 01bd 02       		.byte	2
 475 01be 09       		.byte	9
 476 01bf 02       		.byte	2
 477 01c0 19       		.byte	25
 478 01c1 40       		.byte	64
 479 01c2 41       		.byte	65
 480 01c3 01       		.byte	1
 481 01c4 46       		.byte	70
 482 01c5 80       		.byte	-128
 483 01c6 49       		.byte	73
 484 01c7 05       		.byte	5
 485 01c8 4B       		.byte	75
 486 01c9 40       		.byte	64
 487 01ca 4E       		.byte	78
 488 01cb 02       		.byte	2
 489 01cc 51       		.byte	81
 490 01cd 01       		.byte	1
 491 01ce 52       		.byte	82
 492 01cf 02       		.byte	2
 493 01d0 59       		.byte	89
 494 01d1 45       		.byte	69
 495 01d2 60       		.byte	96
 496 01d3 80       		.byte	-128
 497 01d4 71       		.byte	113
 498 01d5 02       		.byte	2
 499 01d6 72       		.byte	114
 500 01d7 80       		.byte	-128
 501 01d8 73       		.byte	115
 502 01d9 40       		.byte	64
 503 01da 88       		.byte	-120
 504 01db 80       		.byte	-128
 505 01dc C0       		.byte	-64
 506 01dd 01       		.byte	1
 507 01de C2       		.byte	-62
 508 01df 08       		.byte	8
 509 01e0 D0       		.byte	-48
 510 01e1 81       		.byte	-127
 511 01e2 D2       		.byte	-46
 512 01e3 18       		.byte	24
 513 01e4 D6       		.byte	-42
ARM GAS  C:\Users\marlowea\AppData\Local\Temp\ccfKNKWh.s 			page 10


 514 01e5 0B       		.byte	11
 515 01e6 D8       		.byte	-40
 516 01e7 01       		.byte	1
 517 01e8 E2       		.byte	-30
 518 01e9 24       		.byte	36
 519 01ea EA       		.byte	-22
 520 01eb 02       		.byte	2
 521 01ec EE       		.byte	-18
 522 01ed 02       		.byte	2
 523 01ee 40       		.byte	64
 524 01ef 45       		.byte	69
 525 01f0 49       		.byte	73
 526 01f1 FF       		.byte	-1
 527 01f2 4A       		.byte	74
 528 01f3 FF       		.byte	-1
 529 01f4 4B       		.byte	75
 530 01f5 FF       		.byte	-1
 531 01f6 4F       		.byte	79
 532 01f7 01       		.byte	1
 533 01f8 50       		.byte	80
 534 01f9 18       		.byte	24
 535 01fa 5A       		.byte	90
 536 01fb 04       		.byte	4
 537 01fc 5F       		.byte	95
 538 01fd 01       		.byte	1
 539 01fe 60       		.byte	96
 540 01ff 40       		.byte	64
 541 0200 62       		.byte	98
 542 0201 40       		.byte	64
 543 0202 64       		.byte	100
 544 0203 40       		.byte	64
 545 0204 65       		.byte	101
 546 0205 40       		.byte	64
 547 0206 66       		.byte	102
 548 0207 80       		.byte	-128
 549 0208 68       		.byte	104
 550 0209 80       		.byte	-128
 551 020a 6A       		.byte	106
 552 020b 80       		.byte	-128
 553 020c 6C       		.byte	108
 554 020d 80       		.byte	-128
 555 020e 6E       		.byte	110
 556 020f 80       		.byte	-128
 557 0210 8E       		.byte	-114
 558 0211 01       		.byte	1
 559 0212 92       		.byte	-110
 560 0213 01       		.byte	1
 561 0214 B6       		.byte	-74
 562 0215 01       		.byte	1
 563 0216 BE       		.byte	-66
 564 0217 40       		.byte	64
 565 0218 C0       		.byte	-64
 566 0219 54       		.byte	84
 567 021a C5       		.byte	-59
 568 021b EC       		.byte	-20
 569 021c C7       		.byte	-57
 570 021d 20       		.byte	32
ARM GAS  C:\Users\marlowea\AppData\Local\Temp\ccfKNKWh.s 			page 11


 571 021e C8       		.byte	-56
 572 021f 23       		.byte	35
 573 0220 C9       		.byte	-55
 574 0221 FF       		.byte	-1
 575 0222 CA       		.byte	-54
 576 0223 FF       		.byte	-1
 577 0224 CB       		.byte	-53
 578 0225 FF       		.byte	-1
 579 0226 CD       		.byte	-51
 580 0227 83       		.byte	-125
 581 0228 CE       		.byte	-50
 582 0229 03       		.byte	3
 583 022a CF       		.byte	-49
 584 022b 01       		.byte	1
 585 022c D0       		.byte	-48
 586 022d 18       		.byte	24
 587 022e D2       		.byte	-46
 588 022f 80       		.byte	-128
 589 0230 D4       		.byte	-44
 590 0231 01       		.byte	1
 591 0232 D6       		.byte	-42
 592 0233 04       		.byte	4
 593 0234 D8       		.byte	-40
 594 0235 04       		.byte	4
 595 0236 DA       		.byte	-38
 596 0237 04       		.byte	4
 597 0238 DB       		.byte	-37
 598 0239 04       		.byte	4
 599 023a DF       		.byte	-33
 600 023b 01       		.byte	1
 601 023c E0       		.byte	-32
 602 023d 40       		.byte	64
 603 023e E2       		.byte	-30
 604 023f 40       		.byte	64
 605 0240 E4       		.byte	-28
 606 0241 40       		.byte	64
 607 0242 E5       		.byte	-27
 608 0243 40       		.byte	64
 609 0244 E6       		.byte	-26
 610 0245 80       		.byte	-128
 611 0246 E8       		.byte	-24
 612 0247 80       		.byte	-128
 613 0248 EA       		.byte	-22
 614 0249 80       		.byte	-128
 615 024a EC       		.byte	-20
 616 024b 80       		.byte	-128
 617 024c EE       		.byte	-18
 618 024d 80       		.byte	-128
 619 024e 02       		.byte	2
 620 024f 02       		.byte	2
 621 0250 09       		.byte	9
 622 0251 02       		.byte	2
 623 0252 19       		.byte	25
 624 0253 40       		.byte	64
 625 0254 41       		.byte	65
 626 0255 01       		.byte	1
 627 0256 46       		.byte	70
ARM GAS  C:\Users\marlowea\AppData\Local\Temp\ccfKNKWh.s 			page 12


 628 0257 80       		.byte	-128
 629 0258 49       		.byte	73
 630 0259 05       		.byte	5
 631 025a 4B       		.byte	75
 632 025b 40       		.byte	64
 633 025c 4E       		.byte	78
 634 025d 02       		.byte	2
 635 025e 51       		.byte	81
 636 025f 01       		.byte	1
 637 0260 52       		.byte	82
 638 0261 02       		.byte	2
 639 0262 59       		.byte	89
 640 0263 45       		.byte	69
 641 0264 63       		.byte	99
 642 0265 80       		.byte	-128
 643 0266 71       		.byte	113
 644 0267 02       		.byte	2
 645 0268 72       		.byte	114
 646 0269 80       		.byte	-128
 647 026a 73       		.byte	115
 648 026b 40       		.byte	64
 649 026c 83       		.byte	-125
 650 026d 40       		.byte	64
 651 026e C0       		.byte	-64
 652 026f 01       		.byte	1
 653 0270 C2       		.byte	-62
 654 0271 08       		.byte	8
 655 0272 D0       		.byte	-48
 656 0273 81       		.byte	-127
 657 0274 D2       		.byte	-46
 658 0275 18       		.byte	24
 659 0276 D6       		.byte	-42
 660 0277 0B       		.byte	11
 661 0278 D8       		.byte	-40
 662 0279 01       		.byte	1
 663 027a EA       		.byte	-22
 664 027b 02       		.byte	2
 665 027c EE       		.byte	-18
 666 027d 02       		.byte	2
 667 027e 30       		.byte	48
 668 027f 10       		.byte	16
 669 0280 33       		.byte	51
 670 0281 08       		.byte	8
 671 0282 37       		.byte	55
 672 0283 18       		.byte	24
 673 0284 3A       		.byte	58
 674 0285 20       		.byte	32
 675 0286 87       		.byte	-121
 676 0287 08       		.byte	8
 677 0288 CC       		.byte	-52
 678 0289 F0       		.byte	-16
 679 028a CE       		.byte	-50
 680 028b 10       		.byte	16
 681 028c E2       		.byte	-30
 682 028d 10       		.byte	16
 683 028e 31       		.byte	49
 684 028f 10       		.byte	16
ARM GAS  C:\Users\marlowea\AppData\Local\Temp\ccfKNKWh.s 			page 13


 685 0290 33       		.byte	51
 686 0291 01       		.byte	1
 687 0292 36       		.byte	54
 688 0293 40       		.byte	64
 689 0294 9C       		.byte	-100
 690 0295 10       		.byte	16
 691 0296 9E       		.byte	-98
 692 0297 20       		.byte	32
 693 0298 AB       		.byte	-85
 694 0299 10       		.byte	16
 695 029a AF       		.byte	-81
 696 029b 08       		.byte	8
 697 029c CC       		.byte	-52
 698 029d 70       		.byte	112
 699 029e EA       		.byte	-22
 700 029f 20       		.byte	32
 701 02a0 EE       		.byte	-18
 702 02a1 40       		.byte	64
 703 02a2 9C       		.byte	-100
 704 02a3 10       		.byte	16
 705 02a4 9D       		.byte	-99
 706 02a5 10       		.byte	16
 707 02a6 9E       		.byte	-98
 708 02a7 20       		.byte	32
 709 02a8 9F       		.byte	-97
 710 02a9 01       		.byte	1
 711 02aa A6       		.byte	-90
 712 02ab 40       		.byte	64
 713 02ac 81       		.byte	-127
 714 02ad 10       		.byte	16
 715 02ae 9C       		.byte	-100
 716 02af 10       		.byte	16
 717 02b0 9D       		.byte	-99
 718 02b1 10       		.byte	16
 719 02b2 9E       		.byte	-98
 720 02b3 20       		.byte	32
 721 02b4 9F       		.byte	-97
 722 02b5 01       		.byte	1
 723 02b6 A6       		.byte	-90
 724 02b7 40       		.byte	64
 725 02b8 E6       		.byte	-26
 726 02b9 20       		.byte	32
 727 02ba 10       		.byte	16
 728 02bb 10       		.byte	16
 729 02bc 84       		.byte	-124
 730 02bd 10       		.byte	16
 731 02be C4       		.byte	-60
 732 02bf 08       		.byte	8
 733 02c0 0A       		.byte	10
 734 02c1 20       		.byte	32
 735 02c2 0B       		.byte	11
 736 02c3 04       		.byte	4
 737 02c4 0F       		.byte	15
 738 02c5 40       		.byte	64
 739 02c6 82       		.byte	-126
 740 02c7 10       		.byte	16
 741 02c8 C2       		.byte	-62
ARM GAS  C:\Users\marlowea\AppData\Local\Temp\ccfKNKWh.s 			page 14


 742 02c9 0E       		.byte	14
 743 02ca 82       		.byte	-126
 744 02cb 20       		.byte	32
 745 02cc 88       		.byte	-120
 746 02cd 10       		.byte	16
 747 02ce 9C       		.byte	-100
 748 02cf 10       		.byte	16
 749 02d0 9E       		.byte	-98
 750 02d1 20       		.byte	32
 751 02d2 AE       		.byte	-82
 752 02d3 40       		.byte	64
 753 02d4 AF       		.byte	-81
 754 02d5 01       		.byte	1
 755 02d6 E2       		.byte	-30
 756 02d7 20       		.byte	32
 757 02d8 EA       		.byte	-22
 758 02d9 40       		.byte	64
 759 02da EE       		.byte	-18
 760 02db 40       		.byte	64
 761 02dc AF       		.byte	-81
 762 02dd 44       		.byte	68
 763 02de 00       		.byte	0
 764 02df 06       		.byte	6
 765 02e0 0E       		.byte	14
 766 02e1 06       		.byte	6
 767 02e2 10       		.byte	16
 768 02e3 01       		.byte	1
 769 02e4 1A       		.byte	26
 770 02e5 01       		.byte	1
 771 02e6 1C       		.byte	28
 772 02e7 01       		.byte	1
 773 02e8 00       		.byte	0
 774 02e9 FF       		.byte	-1
 775 02ea 01       		.byte	1
 776 02eb AB       		.byte	-85
 777 02ec 10       		.byte	16
 778 02ed 10       		.byte	16
 779 02ee 00       		.byte	0
 780 02ef 00       		.byte	0
 781 02f0 00       		.byte	0
 782 02f1 00       		.byte	0
 783 02f2 00       		.byte	0
 784 02f3 00       		.byte	0
 785 02f4 40       		.byte	64
 786 02f5 00       		.byte	0
 787 02f6 00       		.byte	0
 788 02f7 00       		.byte	0
 789 02f8 00       		.byte	0
 790 02f9 00       		.byte	0
 791 02fa 00       		.byte	0
 792 02fb 00       		.byte	0
 793 02fc C0       		.byte	-64
 794 02fd 00       		.byte	0
 795 02fe 00       		.byte	0
 796 02ff 00       		.byte	0
 797 0300 00       		.byte	0
 798 0301 0B       		.byte	11
ARM GAS  C:\Users\marlowea\AppData\Local\Temp\ccfKNKWh.s 			page 15


 799 0302 0B       		.byte	11
 800 0303 00       		.byte	0
 801 0304 00       		.byte	0
 802 0305 00       		.byte	0
 803 0306 00       		.byte	0
 804 0307 00       		.byte	0
 805 0308 00       		.byte	0
 806 0309 47       		.byte	71
 807 030a 47       		.byte	71
 808 030b 00       		.byte	0
 809 030c 00       		.byte	0
 810 030d 00       		.byte	0
 811 030e 00       		.byte	0
 812 030f 00       		.byte	0
 813              		.section	.cywolatch,"a",%progbits
 814              		.align	2
 815              		.type	cy_meta_wonvl, %object
 816              		.size	cy_meta_wonvl, 4
 817              	cy_meta_wonvl:
 818 0000 BC       		.byte	-68
 819 0001 90       		.byte	-112
 820 0002 AC       		.byte	-84
 821 0003 AF       		.byte	-81
 822              		.section	.cycustnvl,"a",%progbits
 823              		.align	2
 824              		.type	cy_meta_custnvl, %object
 825              		.size	cy_meta_custnvl, 4
 826              	cy_meta_custnvl:
 827 0000 00       		.byte	0
 828 0001 00       		.byte	0
 829 0002 40       		.byte	64
 830 0003 05       		.byte	5
 831              		.section	.cymeta,"a",%progbits
 832              		.align	2
 833              		.type	cy_metadata, %object
 834              		.size	cy_metadata, 12
 835              	cy_metadata:
 836 0000 00       		.byte	0
 837 0001 01       		.byte	1
 838 0002 2E       		.byte	46
 839 0003 12       		.byte	18
 840 0004 30       		.byte	48
 841 0005 69       		.byte	105
 842 0006 00       		.byte	0
 843 0007 01       		.byte	1
 844 0008 00       		.byte	0
 845 0009 00       		.byte	0
 846 000a 00       		.byte	0
 847 000b 00       		.byte	0
 848              		.section	.cyflashprotect,"a",%progbits
 849              		.align	2
 850              		.type	cy_meta_flashprotect, %object
 851              		.size	cy_meta_flashprotect, 256
 852              	cy_meta_flashprotect:
 853 0000 00000000 		.space	256
 853      00000000 
 853      00000000 
ARM GAS  C:\Users\marlowea\AppData\Local\Temp\ccfKNKWh.s 			page 16


 853      00000000 
 853      00000000 
 854              		.text
 855              	.Letext0:
 856              		.file 1 "c:\\program files (x86)\\cypress\\psoc creator\\4.1\\psoc creator\\import\\gnu\\arm\\5.4.
 857              		.file 2 "c:\\program files (x86)\\cypress\\psoc creator\\4.1\\psoc creator\\import\\gnu\\arm\\5.4.
 858              		.file 3 "Generated_Source\\PSoC5\\cymetadata.c"
 859              		.section	.debug_info,"",%progbits
 860              	.Ldebug_info0:
 861 0000 31010000 		.4byte	0x131
 862 0004 0400     		.2byte	0x4
 863 0006 00000000 		.4byte	.Ldebug_abbrev0
 864 000a 04       		.byte	0x4
 865 000b 01       		.uleb128 0x1
 866 000c 84000000 		.4byte	.LASF17
 867 0010 0C       		.byte	0xc
 868 0011 DE010000 		.4byte	.LASF18
 869 0015 0A000000 		.4byte	.LASF19
 870 0019 00000000 		.4byte	.Ldebug_line0
 871 001d 02       		.uleb128 0x2
 872 001e 01       		.byte	0x1
 873 001f 06       		.byte	0x6
 874 0020 D2010000 		.4byte	.LASF0
 875 0024 03       		.uleb128 0x3
 876 0025 00000000 		.4byte	.LASF9
 877 0029 01       		.byte	0x1
 878 002a 1D       		.byte	0x1d
 879 002b 2F000000 		.4byte	0x2f
 880 002f 02       		.uleb128 0x2
 881 0030 01       		.byte	0x1
 882 0031 08       		.byte	0x8
 883 0032 76000000 		.4byte	.LASF1
 884 0036 02       		.uleb128 0x2
 885 0037 02       		.byte	0x2
 886 0038 05       		.byte	0x5
 887 0039 BF010000 		.4byte	.LASF2
 888 003d 02       		.uleb128 0x2
 889 003e 02       		.byte	0x2
 890 003f 07       		.byte	0x7
 891 0040 24010000 		.4byte	.LASF3
 892 0044 02       		.uleb128 0x2
 893 0045 04       		.byte	0x4
 894 0046 05       		.byte	0x5
 895 0047 C9010000 		.4byte	.LASF4
 896 004b 02       		.uleb128 0x2
 897 004c 04       		.byte	0x4
 898 004d 07       		.byte	0x7
 899 004e 12010000 		.4byte	.LASF5
 900 0052 02       		.uleb128 0x2
 901 0053 08       		.byte	0x8
 902 0054 05       		.byte	0x5
 903 0055 B1010000 		.4byte	.LASF6
 904 0059 02       		.uleb128 0x2
 905 005a 08       		.byte	0x8
 906 005b 07       		.byte	0x7
 907 005c 66010000 		.4byte	.LASF7
 908 0060 04       		.uleb128 0x4
ARM GAS  C:\Users\marlowea\AppData\Local\Temp\ccfKNKWh.s 			page 17


 909 0061 04       		.byte	0x4
 910 0062 05       		.byte	0x5
 911 0063 696E7400 		.ascii	"int\000"
 912 0067 02       		.uleb128 0x2
 913 0068 04       		.byte	0x4
 914 0069 07       		.byte	0x7
 915 006a 59010000 		.4byte	.LASF8
 916 006e 03       		.uleb128 0x3
 917 006f 7D010000 		.4byte	.LASF10
 918 0073 02       		.byte	0x2
 919 0074 18       		.byte	0x18
 920 0075 24000000 		.4byte	0x24
 921 0079 05       		.uleb128 0x5
 922 007a 91000000 		.4byte	0x91
 923 007e 8A000000 		.4byte	0x8a
 924 0082 06       		.uleb128 0x6
 925 0083 8A000000 		.4byte	0x8a
 926 0087 0F03     		.2byte	0x30f
 927 0089 00       		.byte	0
 928 008a 02       		.uleb128 0x2
 929 008b 04       		.byte	0x4
 930 008c 07       		.byte	0x7
 931 008d A8010000 		.4byte	.LASF11
 932 0091 07       		.uleb128 0x7
 933 0092 6E000000 		.4byte	0x6e
 934 0096 08       		.uleb128 0x8
 935 0097 47010000 		.4byte	.LASF12
 936 009b 03       		.byte	0x3
 937 009c 1F       		.byte	0x1f
 938 009d A7000000 		.4byte	0xa7
 939 00a1 05       		.uleb128 0x5
 940 00a2 03       		.byte	0x3
 941 00a3 00000000 		.4byte	cy_meta_configecc
 942 00a7 07       		.uleb128 0x7
 943 00a8 79000000 		.4byte	0x79
 944 00ac 05       		.uleb128 0x5
 945 00ad 91000000 		.4byte	0x91
 946 00b1 BC000000 		.4byte	0xbc
 947 00b5 09       		.uleb128 0x9
 948 00b6 8A000000 		.4byte	0x8a
 949 00ba 03       		.byte	0x3
 950 00bb 00       		.byte	0
 951 00bc 08       		.uleb128 0x8
 952 00bd 37010000 		.4byte	.LASF13
 953 00c1 03       		.byte	0x3
 954 00c2 8E       		.byte	0x8e
 955 00c3 CD000000 		.4byte	0xcd
 956 00c7 05       		.uleb128 0x5
 957 00c8 03       		.byte	0x3
 958 00c9 00000000 		.4byte	cy_meta_custnvl
 959 00cd 07       		.uleb128 0x7
 960 00ce AC000000 		.4byte	0xac
 961 00d2 08       		.uleb128 0x8
 962 00d3 9A010000 		.4byte	.LASF14
 963 00d7 03       		.byte	0x3
 964 00d8 9C       		.byte	0x9c
 965 00d9 E3000000 		.4byte	0xe3
ARM GAS  C:\Users\marlowea\AppData\Local\Temp\ccfKNKWh.s 			page 18


 966 00dd 05       		.uleb128 0x5
 967 00de 03       		.byte	0x3
 968 00df 00000000 		.4byte	cy_meta_wonvl
 969 00e3 07       		.uleb128 0x7
 970 00e4 AC000000 		.4byte	0xac
 971 00e8 05       		.uleb128 0x5
 972 00e9 91000000 		.4byte	0x91
 973 00ed F8000000 		.4byte	0xf8
 974 00f1 09       		.uleb128 0x9
 975 00f2 8A000000 		.4byte	0x8a
 976 00f6 FF       		.byte	0xff
 977 00f7 00       		.byte	0
 978 00f8 08       		.uleb128 0x8
 979 00f9 85010000 		.4byte	.LASF15
 980 00fd 03       		.byte	0x3
 981 00fe AA       		.byte	0xaa
 982 00ff 09010000 		.4byte	0x109
 983 0103 05       		.uleb128 0x5
 984 0104 03       		.byte	0x3
 985 0105 00000000 		.4byte	cy_meta_flashprotect
 986 0109 07       		.uleb128 0x7
 987 010a E8000000 		.4byte	0xe8
 988 010e 05       		.uleb128 0x5
 989 010f 91000000 		.4byte	0x91
 990 0113 1E010000 		.4byte	0x11e
 991 0117 09       		.uleb128 0x9
 992 0118 8A000000 		.4byte	0x8a
 993 011c 0B       		.byte	0xb
 994 011d 00       		.byte	0
 995 011e 08       		.uleb128 0x8
 996 011f 6A000000 		.4byte	.LASF16
 997 0123 03       		.byte	0x3
 998 0124 D7       		.byte	0xd7
 999 0125 2F010000 		.4byte	0x12f
 1000 0129 05       		.uleb128 0x5
 1001 012a 03       		.byte	0x3
 1002 012b 00000000 		.4byte	cy_metadata
 1003 012f 07       		.uleb128 0x7
 1004 0130 0E010000 		.4byte	0x10e
 1005 0134 00       		.byte	0
 1006              		.section	.debug_abbrev,"",%progbits
 1007              	.Ldebug_abbrev0:
 1008 0000 01       		.uleb128 0x1
 1009 0001 11       		.uleb128 0x11
 1010 0002 01       		.byte	0x1
 1011 0003 25       		.uleb128 0x25
 1012 0004 0E       		.uleb128 0xe
 1013 0005 13       		.uleb128 0x13
 1014 0006 0B       		.uleb128 0xb
 1015 0007 03       		.uleb128 0x3
 1016 0008 0E       		.uleb128 0xe
 1017 0009 1B       		.uleb128 0x1b
 1018 000a 0E       		.uleb128 0xe
 1019 000b 10       		.uleb128 0x10
 1020 000c 17       		.uleb128 0x17
 1021 000d 00       		.byte	0
 1022 000e 00       		.byte	0
ARM GAS  C:\Users\marlowea\AppData\Local\Temp\ccfKNKWh.s 			page 19


 1023 000f 02       		.uleb128 0x2
 1024 0010 24       		.uleb128 0x24
 1025 0011 00       		.byte	0
 1026 0012 0B       		.uleb128 0xb
 1027 0013 0B       		.uleb128 0xb
 1028 0014 3E       		.uleb128 0x3e
 1029 0015 0B       		.uleb128 0xb
 1030 0016 03       		.uleb128 0x3
 1031 0017 0E       		.uleb128 0xe
 1032 0018 00       		.byte	0
 1033 0019 00       		.byte	0
 1034 001a 03       		.uleb128 0x3
 1035 001b 16       		.uleb128 0x16
 1036 001c 00       		.byte	0
 1037 001d 03       		.uleb128 0x3
 1038 001e 0E       		.uleb128 0xe
 1039 001f 3A       		.uleb128 0x3a
 1040 0020 0B       		.uleb128 0xb
 1041 0021 3B       		.uleb128 0x3b
 1042 0022 0B       		.uleb128 0xb
 1043 0023 49       		.uleb128 0x49
 1044 0024 13       		.uleb128 0x13
 1045 0025 00       		.byte	0
 1046 0026 00       		.byte	0
 1047 0027 04       		.uleb128 0x4
 1048 0028 24       		.uleb128 0x24
 1049 0029 00       		.byte	0
 1050 002a 0B       		.uleb128 0xb
 1051 002b 0B       		.uleb128 0xb
 1052 002c 3E       		.uleb128 0x3e
 1053 002d 0B       		.uleb128 0xb
 1054 002e 03       		.uleb128 0x3
 1055 002f 08       		.uleb128 0x8
 1056 0030 00       		.byte	0
 1057 0031 00       		.byte	0
 1058 0032 05       		.uleb128 0x5
 1059 0033 01       		.uleb128 0x1
 1060 0034 01       		.byte	0x1
 1061 0035 49       		.uleb128 0x49
 1062 0036 13       		.uleb128 0x13
 1063 0037 01       		.uleb128 0x1
 1064 0038 13       		.uleb128 0x13
 1065 0039 00       		.byte	0
 1066 003a 00       		.byte	0
 1067 003b 06       		.uleb128 0x6
 1068 003c 21       		.uleb128 0x21
 1069 003d 00       		.byte	0
 1070 003e 49       		.uleb128 0x49
 1071 003f 13       		.uleb128 0x13
 1072 0040 2F       		.uleb128 0x2f
 1073 0041 05       		.uleb128 0x5
 1074 0042 00       		.byte	0
 1075 0043 00       		.byte	0
 1076 0044 07       		.uleb128 0x7
 1077 0045 26       		.uleb128 0x26
 1078 0046 00       		.byte	0
 1079 0047 49       		.uleb128 0x49
ARM GAS  C:\Users\marlowea\AppData\Local\Temp\ccfKNKWh.s 			page 20


 1080 0048 13       		.uleb128 0x13
 1081 0049 00       		.byte	0
 1082 004a 00       		.byte	0
 1083 004b 08       		.uleb128 0x8
 1084 004c 34       		.uleb128 0x34
 1085 004d 00       		.byte	0
 1086 004e 03       		.uleb128 0x3
 1087 004f 0E       		.uleb128 0xe
 1088 0050 3A       		.uleb128 0x3a
 1089 0051 0B       		.uleb128 0xb
 1090 0052 3B       		.uleb128 0x3b
 1091 0053 0B       		.uleb128 0xb
 1092 0054 49       		.uleb128 0x49
 1093 0055 13       		.uleb128 0x13
 1094 0056 3F       		.uleb128 0x3f
 1095 0057 19       		.uleb128 0x19
 1096 0058 02       		.uleb128 0x2
 1097 0059 18       		.uleb128 0x18
 1098 005a 00       		.byte	0
 1099 005b 00       		.byte	0
 1100 005c 09       		.uleb128 0x9
 1101 005d 21       		.uleb128 0x21
 1102 005e 00       		.byte	0
 1103 005f 49       		.uleb128 0x49
 1104 0060 13       		.uleb128 0x13
 1105 0061 2F       		.uleb128 0x2f
 1106 0062 0B       		.uleb128 0xb
 1107 0063 00       		.byte	0
 1108 0064 00       		.byte	0
 1109 0065 00       		.byte	0
 1110              		.section	.debug_aranges,"",%progbits
 1111 0000 14000000 		.4byte	0x14
 1112 0004 0200     		.2byte	0x2
 1113 0006 00000000 		.4byte	.Ldebug_info0
 1114 000a 04       		.byte	0x4
 1115 000b 00       		.byte	0
 1116 000c 0000     		.2byte	0
 1117 000e 0000     		.2byte	0
 1118 0010 00000000 		.4byte	0
 1119 0014 00000000 		.4byte	0
 1120              		.section	.debug_line,"",%progbits
 1121              	.Ldebug_line0:
 1122 0000 3D010000 		.section	.debug_str,"MS",%progbits,1
 1122      02003701 
 1122      00000201 
 1122      FB0E0D00 
 1122      01010101 
 1123              	.LASF9:
 1124 0000 5F5F7569 		.ascii	"__uint8_t\000"
 1124      6E74385F 
 1124      7400
 1125              	.LASF19:
 1126 000a 433A5C55 		.ascii	"C:\\Users\\marlowea\\Desktop\\psocker2017-98b319e88"
 1126      73657273 
 1126      5C6D6172 
 1126      6C6F7765 
 1126      615C4465 
ARM GAS  C:\Users\marlowea\AppData\Local\Temp\ccfKNKWh.s 			page 21


 1127 0039 63316233 		.ascii	"c1b3c79a4cb1f80342ea31114e18cd6\\networking.cydsn\000"
 1127      63373961 
 1127      34636231 
 1127      66383033 
 1127      34326561 
 1128              	.LASF16:
 1129 006a 63795F6D 		.ascii	"cy_metadata\000"
 1129      65746164 
 1129      61746100 
 1130              	.LASF1:
 1131 0076 756E7369 		.ascii	"unsigned char\000"
 1131      676E6564 
 1131      20636861 
 1131      7200
 1132              	.LASF17:
 1133 0084 474E5520 		.ascii	"GNU C11 5.4.1 20160609 (release) [ARM/embedded-5-br"
 1133      43313120 
 1133      352E342E 
 1133      31203230 
 1133      31363036 
 1134 00b7 616E6368 		.ascii	"anch revision 237715] -mcpu=cortex-m3 -mthumb -g -O"
 1134      20726576 
 1134      6973696F 
 1134      6E203233 
 1134      37373135 
 1135 00ea 67202D66 		.ascii	"g -ffunction-sections -ffat-lto-objects\000"
 1135      66756E63 
 1135      74696F6E 
 1135      2D736563 
 1135      74696F6E 
 1136              	.LASF5:
 1137 0112 6C6F6E67 		.ascii	"long unsigned int\000"
 1137      20756E73 
 1137      69676E65 
 1137      6420696E 
 1137      7400
 1138              	.LASF3:
 1139 0124 73686F72 		.ascii	"short unsigned int\000"
 1139      7420756E 
 1139      7369676E 
 1139      65642069 
 1139      6E7400
 1140              	.LASF13:
 1141 0137 63795F6D 		.ascii	"cy_meta_custnvl\000"
 1141      6574615F 
 1141      63757374 
 1141      6E766C00 
 1142              	.LASF12:
 1143 0147 63795F6D 		.ascii	"cy_meta_configecc\000"
 1143      6574615F 
 1143      636F6E66 
 1143      69676563 
 1143      6300
 1144              	.LASF8:
 1145 0159 756E7369 		.ascii	"unsigned int\000"
 1145      676E6564 
 1145      20696E74 
ARM GAS  C:\Users\marlowea\AppData\Local\Temp\ccfKNKWh.s 			page 22


 1145      00
 1146              	.LASF7:
 1147 0166 6C6F6E67 		.ascii	"long long unsigned int\000"
 1147      206C6F6E 
 1147      6720756E 
 1147      7369676E 
 1147      65642069 
 1148              	.LASF10:
 1149 017d 75696E74 		.ascii	"uint8_t\000"
 1149      385F7400 
 1150              	.LASF15:
 1151 0185 63795F6D 		.ascii	"cy_meta_flashprotect\000"
 1151      6574615F 
 1151      666C6173 
 1151      6870726F 
 1151      74656374 
 1152              	.LASF14:
 1153 019a 63795F6D 		.ascii	"cy_meta_wonvl\000"
 1153      6574615F 
 1153      776F6E76 
 1153      6C00
 1154              	.LASF11:
 1155 01a8 73697A65 		.ascii	"sizetype\000"
 1155      74797065 
 1155      00
 1156              	.LASF6:
 1157 01b1 6C6F6E67 		.ascii	"long long int\000"
 1157      206C6F6E 
 1157      6720696E 
 1157      7400
 1158              	.LASF2:
 1159 01bf 73686F72 		.ascii	"short int\000"
 1159      7420696E 
 1159      7400
 1160              	.LASF4:
 1161 01c9 6C6F6E67 		.ascii	"long int\000"
 1161      20696E74 
 1161      00
 1162              	.LASF0:
 1163 01d2 7369676E 		.ascii	"signed char\000"
 1163      65642063 
 1163      68617200 
 1164              	.LASF18:
 1165 01de 47656E65 		.ascii	"Generated_Source\\PSoC5\\cymetadata.c\000"
 1165      72617465 
 1165      645F536F 
 1165      75726365 
 1165      5C50536F 
 1166              		.ident	"GCC: (GNU Tools for ARM Embedded Processors) 5.4.1 20160609 (release) [ARM/embedded-5-bran
