ARM GAS  C:\Users\marlowea\AppData\Local\Temp\cckZ9Kb3.s 			page 1


   1              		.syntax unified
   2              		.cpu cortex-m3
   3              		.fpu softvfp
   4              		.eabi_attribute 20, 1
   5              		.eabi_attribute 21, 1
   6              		.eabi_attribute 23, 3
   7              		.eabi_attribute 24, 1
   8              		.eabi_attribute 25, 1
   9              		.eabi_attribute 26, 1
  10              		.eabi_attribute 30, 1
  11              		.eabi_attribute 34, 1
  12              		.eabi_attribute 18, 4
  13              		.thumb
  14              		.syntax unified
  15              		.file	"main.c"
  16              		.text
  17              	.Ltext0:
  18              		.cfi_sections	.debug_frame
  19              		.section	.text.Timer_TX_ISR_HANDLER,"ax",%progbits
  20              		.align	2
  21              		.global	Timer_TX_ISR_HANDLER
  22              		.thumb
  23              		.thumb_func
  24              		.type	Timer_TX_ISR_HANDLER, %function
  25              	Timer_TX_ISR_HANDLER:
  26              	.LFB63:
  27              		.file 1 "main.c"
   1:main.c        **** /* ========================================
   2:main.c        ****  *
   3:main.c        ****  * Copyright YOUR COMPANY, THE YEAR
   4:main.c        ****  * All Rights Reserved
   5:main.c        ****  * UNPUBLISHED, LICENSED SOFTWARE.
   6:main.c        ****  *
   7:main.c        ****  * CONFIDENTIAL AND PROPRIETARY INFORMATION
   8:main.c        ****  * WHICH IS THE PROPERTY OF your company.
   9:main.c        ****  *
  10:main.c        ****  * ========================================
  11:main.c        **** */
  12:main.c        **** #include "project.h"
  13:main.c        **** 
  14:main.c        **** typedef enum state {idleState, collisionState, busyState} State;
  15:main.c        **** 
  16:main.c        **** State systemState = idleState;
  17:main.c        **** 
  18:main.c        **** _Bool lowFlag = 0;
  19:main.c        **** 
  20:main.c        **** //period and counter for timer
  21:main.c        **** #define COLL_PERIOD     52
  22:main.c        **** #define COLL_COUNTER    51
  23:main.c        **** #define IDLE_PERIOD     830
  24:main.c        **** #define IDLE_COUNTER    829
  25:main.c        **** //transmit timer stuff
  26:main.c        **** #define TX_PERIOD     47 //gives 0.50ms or 500us for unipolar-rz at 1000bps
  27:main.c        **** #define TX_COUNTER    46 //empirically tuned...
  28:main.c        **** //serial buffer size
  29:main.c        **** #define SERIAL_BUFFER_SIZE 500
  30:main.c        **** //serial buffer
ARM GAS  C:\Users\marlowea\AppData\Local\Temp\cckZ9Kb3.s 			page 2


  31:main.c        **** unsigned char SERIAL_BUFFER[SERIAL_BUFFER_SIZE];
  32:main.c        **** int SERIAL_POS = 0;
  33:main.c        **** //flag to determine if the UART is connected
  34:main.c        **** int uartConnected = 0;
  35:main.c        **** //data cache for later use
  36:main.c        **** unsigned char CONVERTED_DATA[SERIAL_BUFFER_SIZE][16];
  37:main.c        **** int dataConvertedReadOutCount = 0;
  38:main.c        **** char currentChar;
  39:main.c        **** int dataSize;
  40:main.c        **** int TX_Bit_Counter = 0; //keeps track of what would be a for loop in the ISR
  41:main.c        **** int count = 0; //keeps track of which bit we're on
  42:main.c        **** 
  43:main.c        **** CY_ISR(Timer_TX_ISR_HANDLER)
  44:main.c        **** {
  28              		.loc 1 44 0
  29              		.cfi_startproc
  30              		@ args = 0, pretend = 0, frame = 0
  31              		@ frame_needed = 0, uses_anonymous_args = 0
  32 0000 08B5     		push	{r3, lr}
  33              		.cfi_def_cfa_offset 8
  34              		.cfi_offset 3, -8
  35              		.cfi_offset 14, -4
  45:main.c        **** 	Timer_TX_STATUS; //clear TX timer
  36              		.loc 1 45 0
  37 0002 324B     		ldr	r3, .L9
  38 0004 1B78     		ldrb	r3, [r3]	@ zero_extendqisi2
  46:main.c        **** 	//get data
  47:main.c        **** 	currentChar = SERIAL_BUFFER[SERIAL_POS];
  39              		.loc 1 47 0
  40 0006 324B     		ldr	r3, .L9+4
  41 0008 1B68     		ldr	r3, [r3]
  42 000a 324A     		ldr	r2, .L9+8
  43 000c D25C     		ldrb	r2, [r2, r3]	@ zero_extendqisi2
  44 000e 3249     		ldr	r1, .L9+12
  45 0010 0A70     		strb	r2, [r1]
  48:main.c        **** 
  49:main.c        **** 	if((SERIAL_POS < dataSize) && systemState == idleState){ 
  46              		.loc 1 49 0
  47 0012 3249     		ldr	r1, .L9+16
  48 0014 0968     		ldr	r1, [r1]
  49 0016 8B42     		cmp	r3, r1
  50 0018 57DA     		bge	.L1
  51              		.loc 1 49 0 is_stmt 0 discriminator 1
  52 001a 2D4B     		ldr	r3, .L9+4
  53 001c 1B79     		ldrb	r3, [r3, #4]	@ zero_extendqisi2
  54 001e 002B     		cmp	r3, #0
  55 0020 53D1     		bne	.L1
  50:main.c        **** 	//encode into Unipolar-RZ
  51:main.c        **** 	
  52:main.c        **** 	//Data to be transmitted. This represents one byte of data and will
  53:main.c        **** 	//be encoded in unipolar RZ. For every bit there will be 2 bits, and there are 8 bits
  54:main.c        **** 	
  55:main.c        **** 		if(TX_Bit_Counter == 0){
  56              		.loc 1 55 0 is_stmt 1
  57 0022 2B4B     		ldr	r3, .L9+4
  58 0024 9B68     		ldr	r3, [r3, #8]
  59 0026 5BB9     		cbnz	r3, .L3
ARM GAS  C:\Users\marlowea\AppData\Local\Temp\cckZ9Kb3.s 			page 3


  56:main.c        **** 			TX_Write(1);
  60              		.loc 1 56 0
  61 0028 0120     		movs	r0, #1
  62 002a FFF7FEFF 		bl	TX_Write
  63              	.LVL0:
  57:main.c        **** 			CONVERTED_DATA[SERIAL_POS][TX_Bit_Counter] = 0x31;
  64              		.loc 1 57 0
  65 002e 284A     		ldr	r2, .L9+4
  66 0030 1168     		ldr	r1, [r2]
  67 0032 9268     		ldr	r2, [r2, #8]
  68 0034 2A4B     		ldr	r3, .L9+20
  69 0036 03EB0113 		add	r3, r3, r1, lsl #4
  70 003a 3121     		movs	r1, #49
  71 003c 9954     		strb	r1, [r3, r2]
  72 003e 31E0     		b	.L4
  73              	.L3:
  58:main.c        **** 		}else if(TX_Bit_Counter%2 != 0){
  74              		.loc 1 58 0
  75 0040 13F0010F 		tst	r3, #1
  76 0044 0BD0     		beq	.L5
  59:main.c        **** 			TX_Write(0);
  77              		.loc 1 59 0
  78 0046 0020     		movs	r0, #0
  79 0048 FFF7FEFF 		bl	TX_Write
  80              	.LVL1:
  60:main.c        **** 			CONVERTED_DATA[SERIAL_POS][TX_Bit_Counter] = 0x30;
  81              		.loc 1 60 0
  82 004c 204A     		ldr	r2, .L9+4
  83 004e 1168     		ldr	r1, [r2]
  84 0050 9268     		ldr	r2, [r2, #8]
  85 0052 234B     		ldr	r3, .L9+20
  86 0054 03EB0113 		add	r3, r3, r1, lsl #4
  87 0058 3021     		movs	r1, #48
  88 005a 9954     		strb	r1, [r3, r2]
  89 005c 22E0     		b	.L4
  90              	.L5:
  61:main.c        **** 		}else{
  62:main.c        **** 			//see if a 1 exists at the bit of the char, otherwise write a 0 out
  63:main.c        **** 			//this should transmit MSB first
  64:main.c        **** 			if(currentChar & (1<<(6-count))){
  91              		.loc 1 64 0
  92 005e 1C4B     		ldr	r3, .L9+4
  93 0060 DB68     		ldr	r3, [r3, #12]
  94 0062 C3F10603 		rsb	r3, r3, #6
  95 0066 1A41     		asrs	r2, r2, r3
  96 0068 12F0010F 		tst	r2, #1
  97 006c 0BD0     		beq	.L6
  65:main.c        **** 				TX_Write(1);
  98              		.loc 1 65 0
  99 006e 0120     		movs	r0, #1
 100 0070 FFF7FEFF 		bl	TX_Write
 101              	.LVL2:
  66:main.c        **** 				CONVERTED_DATA[SERIAL_POS][TX_Bit_Counter] = 0x31;
 102              		.loc 1 66 0
 103 0074 164A     		ldr	r2, .L9+4
 104 0076 1168     		ldr	r1, [r2]
 105 0078 9268     		ldr	r2, [r2, #8]
ARM GAS  C:\Users\marlowea\AppData\Local\Temp\cckZ9Kb3.s 			page 4


 106 007a 194B     		ldr	r3, .L9+20
 107 007c 03EB0113 		add	r3, r3, r1, lsl #4
 108 0080 3121     		movs	r1, #49
 109 0082 9954     		strb	r1, [r3, r2]
 110 0084 0AE0     		b	.L7
 111              	.L6:
  67:main.c        **** 			}else{
  68:main.c        **** 				TX_Write(0);
 112              		.loc 1 68 0
 113 0086 0020     		movs	r0, #0
 114 0088 FFF7FEFF 		bl	TX_Write
 115              	.LVL3:
  69:main.c        **** 				CONVERTED_DATA[SERIAL_POS][TX_Bit_Counter] = 0x30;   
 116              		.loc 1 69 0
 117 008c 104A     		ldr	r2, .L9+4
 118 008e 1168     		ldr	r1, [r2]
 119 0090 9268     		ldr	r2, [r2, #8]
 120 0092 134B     		ldr	r3, .L9+20
 121 0094 03EB0113 		add	r3, r3, r1, lsl #4
 122 0098 3021     		movs	r1, #48
 123 009a 9954     		strb	r1, [r3, r2]
 124              	.L7:
  70:main.c        **** 			}
  71:main.c        **** 				++count;
 125              		.loc 1 71 0
 126 009c 0C4A     		ldr	r2, .L9+4
 127 009e D368     		ldr	r3, [r2, #12]
 128 00a0 0133     		adds	r3, r3, #1
 129 00a2 D360     		str	r3, [r2, #12]
 130              	.L4:
  72:main.c        **** 		}
  73:main.c        ****         CyDelayUs(495);
 131              		.loc 1 73 0
 132 00a4 40F2EF10 		movw	r0, #495
 133 00a8 FFF7FEFF 		bl	CyDelayUs
 134              	.LVL4:
  74:main.c        ****         ++TX_Bit_Counter;
 135              		.loc 1 74 0
 136 00ac 084A     		ldr	r2, .L9+4
 137 00ae 9368     		ldr	r3, [r2, #8]
 138 00b0 0133     		adds	r3, r3, #1
 139 00b2 9360     		str	r3, [r2, #8]
  75:main.c        ****         if(TX_Bit_Counter >= 16){
 140              		.loc 1 75 0
 141 00b4 0F2B     		cmp	r3, #15
 142 00b6 08DD     		ble	.L1
  76:main.c        **** 		    ++SERIAL_POS;
 143              		.loc 1 76 0
 144 00b8 1346     		mov	r3, r2
 145 00ba 1268     		ldr	r2, [r2]
 146 00bc 0132     		adds	r2, r2, #1
 147 00be 1A60     		str	r2, [r3]
  77:main.c        **** 		    count = 0;
 148              		.loc 1 77 0
 149 00c0 0020     		movs	r0, #0
 150 00c2 D860     		str	r0, [r3, #12]
  78:main.c        **** 		    TX_Bit_Counter = 0;
ARM GAS  C:\Users\marlowea\AppData\Local\Temp\cckZ9Kb3.s 			page 5


 151              		.loc 1 78 0
 152 00c4 9860     		str	r0, [r3, #8]
  79:main.c        ****             TX_Write(0);
 153              		.loc 1 79 0
 154 00c6 FFF7FEFF 		bl	TX_Write
 155              	.LVL5:
 156              	.L1:
 157 00ca 08BD     		pop	{r3, pc}
 158              	.L10:
 159              		.align	2
 160              	.L9:
 161 00cc 69650040 		.word	1073767785
 162 00d0 00000000 		.word	.LANCHOR0
 163 00d4 00000000 		.word	SERIAL_BUFFER
 164 00d8 00000000 		.word	currentChar
 165 00dc 00000000 		.word	dataSize
 166 00e0 00000000 		.word	CONVERTED_DATA
 167              		.cfi_endproc
 168              	.LFE63:
 169              		.size	Timer_TX_ISR_HANDLER, .-Timer_TX_ISR_HANDLER
 170              		.section	.text.BACKOFF,"ax",%progbits
 171              		.align	2
 172              		.global	BACKOFF
 173              		.thumb
 174              		.thumb_func
 175              		.type	BACKOFF, %function
 176              	BACKOFF:
 177              	.LFB64:
  80:main.c        ****         }
  81:main.c        ****  
  82:main.c        ****     }else if(systemState == collisionState){
  83:main.c        ****     
  84:main.c        ****        
  85:main.c        ****     
  86:main.c        ****     }
  87:main.c        **** 	
  88:main.c        **** 
  89:main.c        **** }
  90:main.c        **** 
  91:main.c        **** CY_ISR(BACKOFF){
 178              		.loc 1 91 0
 179              		.cfi_startproc
 180              		@ args = 0, pretend = 0, frame = 0
 181              		@ frame_needed = 0, uses_anonymous_args = 0
 182 0000 08B5     		push	{r3, lr}
 183              		.cfi_def_cfa_offset 8
 184              		.cfi_offset 3, -8
 185              		.cfi_offset 14, -4
  92:main.c        ****     BACKOFF_STATUS;
 186              		.loc 1 92 0
 187 0002 044B     		ldr	r3, .L13
 188 0004 1B78     		ldrb	r3, [r3]	@ zero_extendqisi2
  93:main.c        ****     BACKOFF_Stop();
 189              		.loc 1 93 0
 190 0006 FFF7FEFF 		bl	BACKOFF_Stop
 191              	.LVL6:
  94:main.c        ****     systemState = idleState;
ARM GAS  C:\Users\marlowea\AppData\Local\Temp\cckZ9Kb3.s 			page 6


 192              		.loc 1 94 0
 193 000a 0022     		movs	r2, #0
 194 000c 024B     		ldr	r3, .L13+4
 195 000e 1A71     		strb	r2, [r3, #4]
 196 0010 08BD     		pop	{r3, pc}
 197              	.L14:
 198 0012 00BF     		.align	2
 199              	.L13:
 200 0014 67650040 		.word	1073767783
 201 0018 00000000 		.word	.LANCHOR0
 202              		.cfi_endproc
 203              	.LFE64:
 204              		.size	BACKOFF, .-BACKOFF
 205              		.global	__aeabi_i2d
 206              		.global	__aeabi_dmul
 207              		.global	__aeabi_d2uiz
 208              		.global	__aeabi_dsub
 209              		.section	.text.TIMER,"ax",%progbits
 210              		.align	2
 211              		.global	TIMER
 212              		.thumb
 213              		.thumb_func
 214              		.type	TIMER, %function
 215              	TIMER:
 216              	.LFB65:
  95:main.c        **** }
  96:main.c        **** 
  97:main.c        **** CY_ISR(TIMER)
  98:main.c        **** {
 217              		.loc 1 98 0
 218              		.cfi_startproc
 219              		@ args = 0, pretend = 0, frame = 0
 220              		@ frame_needed = 0, uses_anonymous_args = 0
 221 0000 38B5     		push	{r3, r4, r5, lr}
 222              		.cfi_def_cfa_offset 16
 223              		.cfi_offset 3, -16
 224              		.cfi_offset 4, -12
 225              		.cfi_offset 5, -8
 226              		.cfi_offset 14, -4
  99:main.c        ****    	Timer_1_STATUS; //clear timer
 227              		.loc 1 99 0
 228 0002 1A4B     		ldr	r3, .L19
 229 0004 1B78     		ldrb	r3, [r3]	@ zero_extendqisi2
 100:main.c        ****     
 101:main.c        ****     if (!(lowFlag) ){
 230              		.loc 1 101 0
 231 0006 1A4B     		ldr	r3, .L19+4
 232 0008 1B7C     		ldrb	r3, [r3, #16]	@ zero_extendqisi2
 233 000a 1BB9     		cbnz	r3, .L16
 102:main.c        ****         systemState = idleState;
 234              		.loc 1 102 0
 235 000c 0022     		movs	r2, #0
 236 000e 184B     		ldr	r3, .L19+4
 237 0010 1A71     		strb	r2, [r3, #4]
 238 0012 38BD     		pop	{r3, r4, r5, pc}
 239              	.L16:
 240              	.LBB2:
ARM GAS  C:\Users\marlowea\AppData\Local\Temp\cckZ9Kb3.s 			page 7


 103:main.c        ****     } else {
 104:main.c        ****         systemState = collisionState;
 241              		.loc 1 104 0
 242 0014 164C     		ldr	r4, .L19+4
 243 0016 0123     		movs	r3, #1
 244 0018 2371     		strb	r3, [r4, #4]
 105:main.c        ****         TX_Write(0);
 245              		.loc 1 105 0
 246 001a 0020     		movs	r0, #0
 247 001c FFF7FEFF 		bl	TX_Write
 248              	.LVL7:
 106:main.c        ****         TX_Bit_Counter = 0;    
 249              		.loc 1 106 0
 250 0020 0023     		movs	r3, #0
 251 0022 A360     		str	r3, [r4, #8]
 107:main.c        ****         count = 0;
 252              		.loc 1 107 0
 253 0024 E360     		str	r3, [r4, #12]
 254              	.LVL8:
 108:main.c        ****         int backoff = 0;
 109:main.c        **** 	    //reset current byte transmission 
 110:main.c        **** 	    //generate sudo-random backoff, normally distributed between backoff/128 seconds, where N is a
 111:main.c        **** 	    backoff = (PRS_Read()+1);
 255              		.loc 1 111 0
 256 0026 FFF7FEFF 		bl	PRS_Read
 257              	.LVL9:
 112:main.c        **** 	    //CyDelay((double)(backoff/128.0)*1000); //use cydelay for now, which takes millis
 113:main.c        ****         BACKOFF_WritePeriod((backoff/128.0)*1000);
 258              		.loc 1 113 0
 259 002a 0130     		adds	r0, r0, #1
 260              	.LVL10:
 261 002c FFF7FEFF 		bl	__aeabi_i2d
 262              	.LVL11:
 263 0030 0022     		movs	r2, #0
 264 0032 4FF07E53 		mov	r3, #1065353216
 265 0036 FFF7FEFF 		bl	__aeabi_dmul
 266              	.LVL12:
 267 003a 0022     		movs	r2, #0
 268 003c 0D4B     		ldr	r3, .L19+8
 269 003e FFF7FEFF 		bl	__aeabi_dmul
 270              	.LVL13:
 271 0042 0446     		mov	r4, r0
 272 0044 0D46     		mov	r5, r1
 273 0046 FFF7FEFF 		bl	__aeabi_d2uiz
 274              	.LVL14:
 275 004a 80B2     		uxth	r0, r0
 276 004c FFF7FEFF 		bl	BACKOFF_WritePeriod
 277              	.LVL15:
 114:main.c        ****         BACKOFF_WriteCounter(((backoff/128.0)*1000)-1);
 278              		.loc 1 114 0
 279 0050 0022     		movs	r2, #0
 280 0052 094B     		ldr	r3, .L19+12
 281 0054 2046     		mov	r0, r4
 282 0056 2946     		mov	r1, r5
 283 0058 FFF7FEFF 		bl	__aeabi_dsub
 284              	.LVL16:
 285 005c FFF7FEFF 		bl	__aeabi_d2uiz
ARM GAS  C:\Users\marlowea\AppData\Local\Temp\cckZ9Kb3.s 			page 8


 286              	.LVL17:
 287 0060 80B2     		uxth	r0, r0
 288 0062 FFF7FEFF 		bl	BACKOFF_WriteCounter
 289              	.LVL18:
 115:main.c        ****         BACKOFF_Start();
 290              		.loc 1 115 0
 291 0066 FFF7FEFF 		bl	BACKOFF_Start
 292              	.LVL19:
 293 006a 38BD     		pop	{r3, r4, r5, pc}
 294              	.L20:
 295              		.align	2
 296              	.L19:
 297 006c 6F640040 		.word	1073767535
 298 0070 00000000 		.word	.LANCHOR0
 299 0074 00408F40 		.word	1083129856
 300 0078 0000F03F 		.word	1072693248
 301              	.LBE2:
 302              		.cfi_endproc
 303              	.LFE65:
 304              		.size	TIMER, .-TIMER
 305              		.section	.text.RISING,"ax",%progbits
 306              		.align	2
 307              		.global	RISING
 308              		.thumb
 309              		.thumb_func
 310              		.type	RISING, %function
 311              	RISING:
 312              	.LFB66:
 116:main.c        ****     }
 117:main.c        **** }
 118:main.c        **** 
 119:main.c        **** CY_ISR(RISING)
 120:main.c        **** {
 313              		.loc 1 120 0
 314              		.cfi_startproc
 315              		@ args = 0, pretend = 0, frame = 0
 316              		@ frame_needed = 0, uses_anonymous_args = 0
 317 0000 08B5     		push	{r3, lr}
 318              		.cfi_def_cfa_offset 8
 319              		.cfi_offset 3, -8
 320              		.cfi_offset 14, -4
 121:main.c        ****     if ((!lowFlag)){
 321              		.loc 1 121 0
 322 0002 084B     		ldr	r3, .L24
 323 0004 1B7C     		ldrb	r3, [r3, #16]	@ zero_extendqisi2
 324 0006 63B9     		cbnz	r3, .L21
 122:main.c        ****         Timer_1_WritePeriod(COLL_PERIOD);
 325              		.loc 1 122 0
 326 0008 3420     		movs	r0, #52
 327 000a FFF7FEFF 		bl	Timer_1_WritePeriod
 328              	.LVL20:
 123:main.c        ****         Timer_1_WriteCounter(COLL_COUNTER);
 329              		.loc 1 123 0
 330 000e 3320     		movs	r0, #51
 331 0010 FFF7FEFF 		bl	Timer_1_WriteCounter
 332              	.LVL21:
 124:main.c        ****         Timer_1_Start();
ARM GAS  C:\Users\marlowea\AppData\Local\Temp\cckZ9Kb3.s 			page 9


 333              		.loc 1 124 0
 334 0014 FFF7FEFF 		bl	Timer_1_Start
 335              	.LVL22:
 125:main.c        ****         lowFlag = 1;
 336              		.loc 1 125 0
 337 0018 024B     		ldr	r3, .L24
 338 001a 0122     		movs	r2, #1
 339 001c 1A74     		strb	r2, [r3, #16]
 126:main.c        ****         systemState = busyState;
 340              		.loc 1 126 0
 341 001e 0222     		movs	r2, #2
 342 0020 1A71     		strb	r2, [r3, #4]
 343              	.L21:
 344 0022 08BD     		pop	{r3, pc}
 345              	.L25:
 346              		.align	2
 347              	.L24:
 348 0024 00000000 		.word	.LANCHOR0
 349              		.cfi_endproc
 350              	.LFE66:
 351              		.size	RISING, .-RISING
 352              		.section	.text.FALLING,"ax",%progbits
 353              		.align	2
 354              		.global	FALLING
 355              		.thumb
 356              		.thumb_func
 357              		.type	FALLING, %function
 358              	FALLING:
 359              	.LFB67:
 127:main.c        ****     }
 128:main.c        **** }
 129:main.c        ****  
 130:main.c        **** CY_ISR(FALLING)
 131:main.c        **** {
 360              		.loc 1 131 0
 361              		.cfi_startproc
 362              		@ args = 0, pretend = 0, frame = 0
 363              		@ frame_needed = 0, uses_anonymous_args = 0
 364 0000 08B5     		push	{r3, lr}
 365              		.cfi_def_cfa_offset 8
 366              		.cfi_offset 3, -8
 367              		.cfi_offset 14, -4
 132:main.c        ****     if (lowFlag){
 368              		.loc 1 132 0
 369 0002 094B     		ldr	r3, .L29
 370 0004 1B7C     		ldrb	r3, [r3, #16]	@ zero_extendqisi2
 371 0006 73B1     		cbz	r3, .L26
 133:main.c        ****         Timer_1_WritePeriod(IDLE_PERIOD);
 372              		.loc 1 133 0
 373 0008 40F23E30 		movw	r0, #830
 374 000c FFF7FEFF 		bl	Timer_1_WritePeriod
 375              	.LVL23:
 134:main.c        ****         Timer_1_WriteCounter(IDLE_COUNTER);
 376              		.loc 1 134 0
 377 0010 40F23D30 		movw	r0, #829
 378 0014 FFF7FEFF 		bl	Timer_1_WriteCounter
 379              	.LVL24:
ARM GAS  C:\Users\marlowea\AppData\Local\Temp\cckZ9Kb3.s 			page 10


 135:main.c        ****         Timer_1_Start();
 380              		.loc 1 135 0
 381 0018 FFF7FEFF 		bl	Timer_1_Start
 382              	.LVL25:
 136:main.c        ****         lowFlag = 0;
 383              		.loc 1 136 0
 384 001c 024B     		ldr	r3, .L29
 385 001e 0022     		movs	r2, #0
 386 0020 1A74     		strb	r2, [r3, #16]
 137:main.c        ****         systemState = busyState;
 387              		.loc 1 137 0
 388 0022 0222     		movs	r2, #2
 389 0024 1A71     		strb	r2, [r3, #4]
 390              	.L26:
 391 0026 08BD     		pop	{r3, pc}
 392              	.L30:
 393              		.align	2
 394              	.L29:
 395 0028 00000000 		.word	.LANCHOR0
 396              		.cfi_endproc
 397              	.LFE67:
 398              		.size	FALLING, .-FALLING
 399              		.section	.text.main,"ax",%progbits
 400              		.align	2
 401              		.global	main
 402              		.thumb
 403              		.thumb_func
 404              		.type	main, %function
 405              	main:
 406              	.LFB68:
 138:main.c        ****     }
 139:main.c        **** }
 140:main.c        **** 
 141:main.c        **** int main(void)
 142:main.c        **** {
 407              		.loc 1 142 0
 408              		.cfi_startproc
 409              		@ args = 0, pretend = 0, frame = 0
 410              		@ frame_needed = 0, uses_anonymous_args = 0
 411 0000 10B5     		push	{r4, lr}
 412              		.cfi_def_cfa_offset 8
 413              		.cfi_offset 4, -8
 414              		.cfi_offset 14, -4
 143:main.c        ****     CyGlobalIntEnable;
 415              		.loc 1 143 0
 416              		.syntax unified
 417              	@ 143 "main.c" 1
 418 0002 62B6     		CPSIE   i
 419              	@ 0 "" 2
 144:main.c        ****     TimerISR_StartEx(TIMER);
 420              		.loc 1 144 0
 421              		.thumb
 422              		.syntax unified
 423 0004 5348     		ldr	r0, .L48
 424 0006 FFF7FEFF 		bl	TimerISR_StartEx
 425              	.LVL26:
 145:main.c        ****     INT_RISING_StartEx(RISING);
ARM GAS  C:\Users\marlowea\AppData\Local\Temp\cckZ9Kb3.s 			page 11


 426              		.loc 1 145 0
 427 000a 5348     		ldr	r0, .L48+4
 428 000c FFF7FEFF 		bl	INT_RISING_StartEx
 429              	.LVL27:
 146:main.c        ****     INT_FALLING_StartEx(FALLING);
 430              		.loc 1 146 0
 431 0010 5248     		ldr	r0, .L48+8
 432 0012 FFF7FEFF 		bl	INT_FALLING_StartEx
 433              	.LVL28:
 147:main.c        ****     
 148:main.c        ****     Timer_TX_Start();
 434              		.loc 1 148 0
 435 0016 FFF7FEFF 		bl	Timer_TX_Start
 436              	.LVL29:
 149:main.c        ****     Timer_TX_WritePeriod(TX_PERIOD);
 437              		.loc 1 149 0
 438 001a 2F20     		movs	r0, #47
 439 001c FFF7FEFF 		bl	Timer_TX_WritePeriod
 440              	.LVL30:
 150:main.c        ****     Timer_TX_WriteCounter(TX_COUNTER);
 441              		.loc 1 150 0
 442 0020 2E20     		movs	r0, #46
 443 0022 FFF7FEFF 		bl	Timer_TX_WriteCounter
 444              	.LVL31:
 151:main.c        ****     Timer_TX_ISR_StartEx(Timer_TX_ISR_HANDLER);
 445              		.loc 1 151 0
 446 0026 4E48     		ldr	r0, .L48+12
 447 0028 FFF7FEFF 		bl	Timer_TX_ISR_StartEx
 448              	.LVL32:
 152:main.c        ****     
 153:main.c        ****     BACKOFF_ISR_StartEx(BACKOFF);
 449              		.loc 1 153 0
 450 002c 4D48     		ldr	r0, .L48+16
 451 002e FFF7FEFF 		bl	BACKOFF_ISR_StartEx
 452              	.LVL33:
 154:main.c        ****     PRS_Start();
 453              		.loc 1 154 0
 454 0032 FFF7FEFF 		bl	PRS_Start
 455              	.LVL34:
 155:main.c        ****     UART_Start(UART_device,UART_5V_OPERATION);
 456              		.loc 1 155 0
 457 0036 4C4B     		ldr	r3, .L48+20
 458 0038 1878     		ldrb	r0, [r3]	@ zero_extendqisi2
 459 003a 0121     		movs	r1, #1
 460 003c FFF7FEFF 		bl	UART_Start
 461              	.LVL35:
 462              	.L33:
 156:main.c        **** 
 157:main.c        ****     while(1){
 158:main.c        ****          //check if UART is connected, then set flag
 159:main.c        **** 		if(UART_GetDTERate() == 57600){
 463              		.loc 1 159 0
 464 0040 FFF7FEFF 		bl	UART_GetDTERate
 465              	.LVL36:
 466 0044 B0F5614F 		cmp	r0, #57600
 467 0048 02D1     		bne	.L34
 160:main.c        **** 			uartConnected = 1;
ARM GAS  C:\Users\marlowea\AppData\Local\Temp\cckZ9Kb3.s 			page 12


 468              		.loc 1 160 0
 469 004a 0122     		movs	r2, #1
 470 004c 474B     		ldr	r3, .L48+24
 471 004e 5A61     		str	r2, [r3, #20]
 472              	.L34:
 161:main.c        **** 		}
 162:main.c        **** 	
 163:main.c        **** 		//Host can send double SET_INTERFACE request, which sounds sub-optimal for us if we don't handle 
 164:main.c        **** 		if (0 != UART_IsConfigurationChanged())
 473              		.loc 1 164 0
 474 0050 FFF7FEFF 		bl	UART_IsConfigurationChanged
 475              	.LVL37:
 476 0054 20B1     		cbz	r0, .L35
 165:main.c        **** 		{
 166:main.c        **** 			//re-initialize device
 167:main.c        **** 			if (0 != UART_GetConfiguration())
 477              		.loc 1 167 0
 478 0056 FFF7FEFF 		bl	UART_GetConfiguration
 479              	.LVL38:
 480 005a 08B1     		cbz	r0, .L35
 168:main.c        **** 			{
 169:main.c        **** 				//Enumeration is done, allow receieving data from host
 170:main.c        **** 				UART_CDC_Init();
 481              		.loc 1 170 0
 482 005c FFF7FEFF 		bl	UART_CDC_Init
 483              	.LVL39:
 484              	.L35:
 171:main.c        **** 			}
 172:main.c        **** 		}
 173:main.c        ****                 
 174:main.c        ****         //check if the UART has data, then place in buffer
 175:main.c        ****         if(UART_DataIsReady() != 0){
 485              		.loc 1 175 0
 486 0060 FFF7FEFF 		bl	UART_DataIsReady
 487              	.LVL40:
 488 0064 70B1     		cbz	r0, .L36
 176:main.c        ****             dataSize = UART_GetAll(SERIAL_BUFFER);
 489              		.loc 1 176 0
 490 0066 4248     		ldr	r0, .L48+28
 491 0068 FFF7FEFF 		bl	UART_GetAll
 492              	.LVL41:
 493 006c 414B     		ldr	r3, .L48+32
 494 006e 1860     		str	r0, [r3]
 495              	.L37:
 177:main.c        ****             while(!UART_CDCIsReady());
 496              		.loc 1 177 0 discriminator 1
 497 0070 FFF7FEFF 		bl	UART_CDCIsReady
 498              	.LVL42:
 499 0074 0028     		cmp	r0, #0
 500 0076 FBD0     		beq	.L37
 178:main.c        ****             UART_PutCRLF();
 501              		.loc 1 178 0
 502 0078 FFF7FEFF 		bl	UART_PutCRLF
 503              	.LVL43:
 179:main.c        ****             dataConvertedReadOutCount = 0;            
 504              		.loc 1 179 0
 505 007c 3B4B     		ldr	r3, .L48+24
ARM GAS  C:\Users\marlowea\AppData\Local\Temp\cckZ9Kb3.s 			page 13


 506 007e 0022     		movs	r2, #0
 507 0080 9A61     		str	r2, [r3, #24]
 180:main.c        ****             SERIAL_POS = 0;
 508              		.loc 1 180 0
 509 0082 1A60     		str	r2, [r3]
 510              	.L36:
 181:main.c        ****         }
 182:main.c        ****         //write converted data to UART
 183:main.c        **** 
 184:main.c        ****         if(UART_CDCIsReady() != 0){
 511              		.loc 1 184 0
 512 0084 FFF7FEFF 		bl	UART_CDCIsReady
 513              	.LVL44:
 514 0088 28B3     		cbz	r0, .L38
 185:main.c        ****             if(dataConvertedReadOutCount < dataSize && SERIAL_POS == dataSize){
 515              		.loc 1 185 0
 516 008a 384B     		ldr	r3, .L48+24
 517 008c 9A69     		ldr	r2, [r3, #24]
 518 008e 394B     		ldr	r3, .L48+32
 519 0090 1B68     		ldr	r3, [r3]
 520 0092 9A42     		cmp	r2, r3
 521 0094 1FDA     		bge	.L38
 522              		.loc 1 185 0 is_stmt 0 discriminator 1
 523 0096 354A     		ldr	r2, .L48+24
 524 0098 1268     		ldr	r2, [r2]
 525 009a 9342     		cmp	r3, r2
 526 009c 1BD1     		bne	.L38
 527 009e 0DE0     		b	.L46
 528              	.LVL45:
 529              	.L40:
 530              	.LBB3:
 186:main.c        ****                 for(int y = 0; y < 16; y++){
 187:main.c        ****                  while(!UART_CDCIsReady());
 531              		.loc 1 187 0 is_stmt 1 discriminator 1
 532 00a0 FFF7FEFF 		bl	UART_CDCIsReady
 533              	.LVL46:
 534 00a4 0028     		cmp	r0, #0
 535 00a6 FBD0     		beq	.L40
 188:main.c        ****                  UART_PutChar(CONVERTED_DATA[dataConvertedReadOutCount][y]); 
 536              		.loc 1 188 0 discriminator 2
 537 00a8 304B     		ldr	r3, .L48+24
 538 00aa 9A69     		ldr	r2, [r3, #24]
 539 00ac 324B     		ldr	r3, .L48+36
 540 00ae 03EB0213 		add	r3, r3, r2, lsl #4
 541 00b2 185D     		ldrb	r0, [r3, r4]	@ zero_extendqisi2
 542 00b4 FFF7FEFF 		bl	UART_PutChar
 543              	.LVL47:
 186:main.c        ****                 for(int y = 0; y < 16; y++){
 544              		.loc 1 186 0 discriminator 2
 545 00b8 0134     		adds	r4, r4, #1
 546              	.LVL48:
 547 00ba 00E0     		b	.L39
 548              	.LVL49:
 549              	.L46:
 550              	.LBE3:
 551 00bc 0024     		movs	r4, #0
 552              	.L39:
ARM GAS  C:\Users\marlowea\AppData\Local\Temp\cckZ9Kb3.s 			page 14


 553              	.LVL50:
 554              	.LBB4:
 186:main.c        ****                 for(int y = 0; y < 16; y++){
 555              		.loc 1 186 0 is_stmt 0 discriminator 1
 556 00be 0F2C     		cmp	r4, #15
 557 00c0 EEDD     		ble	.L40
 558              	.LBE4:
 189:main.c        ****                 }
 190:main.c        ****                 ++dataConvertedReadOutCount;
 559              		.loc 1 190 0 is_stmt 1
 560 00c2 2A4A     		ldr	r2, .L48+24
 561 00c4 9369     		ldr	r3, [r2, #24]
 562 00c6 0133     		adds	r3, r3, #1
 563 00c8 9361     		str	r3, [r2, #24]
 564              	.L41:
 191:main.c        ****                 while(!UART_CDCIsReady());
 565              		.loc 1 191 0 discriminator 1
 566 00ca FFF7FEFF 		bl	UART_CDCIsReady
 567              	.LVL51:
 568 00ce 0028     		cmp	r0, #0
 569 00d0 FBD0     		beq	.L41
 192:main.c        ****                 UART_PutCRLF();
 570              		.loc 1 192 0
 571 00d2 FFF7FEFF 		bl	UART_PutCRLF
 572              	.LVL52:
 573              	.L38:
 193:main.c        ****             }
 194:main.c        ****         }
 195:main.c        ****         
 196:main.c        ****         switch(systemState){
 574              		.loc 1 196 0
 575 00d6 254B     		ldr	r3, .L48+24
 576 00d8 1B79     		ldrb	r3, [r3, #4]	@ zero_extendqisi2
 577 00da 012B     		cmp	r3, #1
 578 00dc 27D0     		beq	.L42
 579 00de 13B1     		cbz	r3, .L43
 580 00e0 022B     		cmp	r3, #2
 581 00e2 12D0     		beq	.L44
 582 00e4 ACE7     		b	.L33
 583              	.L43:
 197:main.c        ****             //idle state
 198:main.c        ****             case idleState :;
 199:main.c        ****                 IDLE_Write(1);
 584              		.loc 1 199 0
 585 00e6 0120     		movs	r0, #1
 586 00e8 FFF7FEFF 		bl	IDLE_Write
 587              	.LVL53:
 200:main.c        ****                 BUSY_Write(!IDLE_Read());
 588              		.loc 1 200 0
 589 00ec FFF7FEFF 		bl	IDLE_Read
 590              	.LVL54:
 591 00f0 B0FA80F0 		clz	r0, r0
 592 00f4 4009     		lsrs	r0, r0, #5
 593 00f6 FFF7FEFF 		bl	BUSY_Write
 594              	.LVL55:
 201:main.c        ****                 COLLISION_Write(!IDLE_Read());
 595              		.loc 1 201 0
ARM GAS  C:\Users\marlowea\AppData\Local\Temp\cckZ9Kb3.s 			page 15


 596 00fa FFF7FEFF 		bl	IDLE_Read
 597              	.LVL56:
 598 00fe B0FA80F0 		clz	r0, r0
 599 0102 4009     		lsrs	r0, r0, #5
 600 0104 FFF7FEFF 		bl	COLLISION_Write
 601              	.LVL57:
 202:main.c        ****             break;
 602              		.loc 1 202 0
 603 0108 9AE7     		b	.L33
 604              	.L44:
 203:main.c        ****             //busy state
 204:main.c        ****             case busyState:
 205:main.c        ****                 BUSY_Write(1);
 605              		.loc 1 205 0
 606 010a 0120     		movs	r0, #1
 607 010c FFF7FEFF 		bl	BUSY_Write
 608              	.LVL58:
 206:main.c        ****                 IDLE_Write(!BUSY_Read());
 609              		.loc 1 206 0
 610 0110 FFF7FEFF 		bl	BUSY_Read
 611              	.LVL59:
 612 0114 B0FA80F0 		clz	r0, r0
 613 0118 4009     		lsrs	r0, r0, #5
 614 011a FFF7FEFF 		bl	IDLE_Write
 615              	.LVL60:
 207:main.c        ****                 COLLISION_Write(!BUSY_Read());
 616              		.loc 1 207 0
 617 011e FFF7FEFF 		bl	BUSY_Read
 618              	.LVL61:
 619 0122 B0FA80F0 		clz	r0, r0
 620 0126 4009     		lsrs	r0, r0, #5
 621 0128 FFF7FEFF 		bl	COLLISION_Write
 622              	.LVL62:
 208:main.c        ****             break;
 623              		.loc 1 208 0
 624 012c 88E7     		b	.L33
 625              	.L42:
 209:main.c        ****             //collision state
 210:main.c        ****             case collisionState:;
 211:main.c        ****                 COLLISION_Write(1);
 626              		.loc 1 211 0
 627 012e 0120     		movs	r0, #1
 628 0130 FFF7FEFF 		bl	COLLISION_Write
 629              	.LVL63:
 212:main.c        ****                 IDLE_Write(!COLLISION_Read());
 630              		.loc 1 212 0
 631 0134 FFF7FEFF 		bl	COLLISION_Read
 632              	.LVL64:
 633 0138 B0FA80F0 		clz	r0, r0
 634 013c 4009     		lsrs	r0, r0, #5
 635 013e FFF7FEFF 		bl	IDLE_Write
 636              	.LVL65:
 213:main.c        ****                 BUSY_Write(!COLLISION_Read());
 637              		.loc 1 213 0
 638 0142 FFF7FEFF 		bl	COLLISION_Read
 639              	.LVL66:
 640 0146 B0FA80F0 		clz	r0, r0
ARM GAS  C:\Users\marlowea\AppData\Local\Temp\cckZ9Kb3.s 			page 16


 641 014a 4009     		lsrs	r0, r0, #5
 642 014c FFF7FEFF 		bl	BUSY_Write
 643              	.LVL67:
 214:main.c        ****             break;
 644              		.loc 1 214 0
 645 0150 76E7     		b	.L33
 646              	.L49:
 647 0152 00BF     		.align	2
 648              	.L48:
 649 0154 00000000 		.word	TIMER
 650 0158 00000000 		.word	RISING
 651 015c 00000000 		.word	FALLING
 652 0160 00000000 		.word	Timer_TX_ISR_HANDLER
 653 0164 00000000 		.word	BACKOFF
 654 0168 00000000 		.word	UART_device
 655 016c 00000000 		.word	.LANCHOR0
 656 0170 00000000 		.word	SERIAL_BUFFER
 657 0174 00000000 		.word	dataSize
 658 0178 00000000 		.word	CONVERTED_DATA
 659              		.cfi_endproc
 660              	.LFE68:
 661              		.size	main, .-main
 662              		.global	count
 663              		.global	TX_Bit_Counter
 664              		.comm	dataSize,4,4
 665              		.comm	currentChar,1,1
 666              		.global	dataConvertedReadOutCount
 667              		.comm	CONVERTED_DATA,8000,4
 668              		.global	uartConnected
 669              		.global	SERIAL_POS
 670              		.comm	SERIAL_BUFFER,500,4
 671              		.global	lowFlag
 672              		.global	systemState
 673              		.bss
 674              		.align	2
 675              		.set	.LANCHOR0,. + 0
 676              		.type	SERIAL_POS, %object
 677              		.size	SERIAL_POS, 4
 678              	SERIAL_POS:
 679 0000 00000000 		.space	4
 680              		.type	systemState, %object
 681              		.size	systemState, 1
 682              	systemState:
 683 0004 00       		.space	1
 684 0005 000000   		.space	3
 685              		.type	TX_Bit_Counter, %object
 686              		.size	TX_Bit_Counter, 4
 687              	TX_Bit_Counter:
 688 0008 00000000 		.space	4
 689              		.type	count, %object
 690              		.size	count, 4
 691              	count:
 692 000c 00000000 		.space	4
 693              		.type	lowFlag, %object
 694              		.size	lowFlag, 1
 695              	lowFlag:
 696 0010 00       		.space	1
ARM GAS  C:\Users\marlowea\AppData\Local\Temp\cckZ9Kb3.s 			page 17


 697 0011 000000   		.space	3
 698              		.type	uartConnected, %object
 699              		.size	uartConnected, 4
 700              	uartConnected:
 701 0014 00000000 		.space	4
 702              		.type	dataConvertedReadOutCount, %object
 703              		.size	dataConvertedReadOutCount, 4
 704              	dataConvertedReadOutCount:
 705 0018 00000000 		.space	4
 706              		.text
 707              	.Letext0:
 708              		.file 2 "c:\\program files (x86)\\cypress\\psoc creator\\4.1\\psoc creator\\import\\gnu\\arm\\5.4.
 709              		.file 3 "c:\\program files (x86)\\cypress\\psoc creator\\4.1\\psoc creator\\import\\gnu\\arm\\5.4.
 710              		.file 4 "Generated_Source\\PSoC5/cytypes.h"
 711              		.file 5 "Generated_Source\\PSoC5/UART.h"
 712              		.file 6 "Generated_Source\\PSoC5/core_cm3.h"
 713              		.file 7 "Generated_Source\\PSoC5/TX.h"
 714              		.file 8 "Generated_Source\\PSoC5/CyLib.h"
 715              		.file 9 "Generated_Source\\PSoC5/BACKOFF.h"
 716              		.file 10 "Generated_Source\\PSoC5/PRS.h"
 717              		.file 11 "Generated_Source\\PSoC5/Timer_1.h"
 718              		.file 12 "Generated_Source\\PSoC5/UART_cdc.h"
 719              		.file 13 "Generated_Source\\PSoC5/TimerISR.h"
 720              		.file 14 "Generated_Source\\PSoC5/INT_RISING.h"
 721              		.file 15 "Generated_Source\\PSoC5/INT_FALLING.h"
 722              		.file 16 "Generated_Source\\PSoC5/Timer_TX.h"
 723              		.file 17 "Generated_Source\\PSoC5/Timer_TX_ISR.h"
 724              		.file 18 "Generated_Source\\PSoC5/BACKOFF_ISR.h"
 725              		.file 19 "Generated_Source\\PSoC5/IDLE.h"
 726              		.file 20 "Generated_Source\\PSoC5/BUSY.h"
 727              		.file 21 "Generated_Source\\PSoC5/COLLISION.h"
 728              		.section	.debug_info,"",%progbits
 729              	.Ldebug_info0:
 730 0000 2B070000 		.4byte	0x72b
 731 0004 0400     		.2byte	0x4
 732 0006 00000000 		.4byte	.Ldebug_abbrev0
 733 000a 04       		.byte	0x4
 734 000b 01       		.uleb128 0x1
 735 000c 64040000 		.4byte	.LASF77
 736 0010 0C       		.byte	0xc
 737 0011 5B030000 		.4byte	.LASF78
 738 0015 C1030000 		.4byte	.LASF79
 739 0019 18000000 		.4byte	.Ldebug_ranges0+0x18
 740 001d 00000000 		.4byte	0
 741 0021 00000000 		.4byte	.Ldebug_line0
 742 0025 02       		.uleb128 0x2
 743 0026 01       		.byte	0x1
 744 0027 06       		.byte	0x6
 745 0028 11020000 		.4byte	.LASF0
 746 002c 02       		.uleb128 0x2
 747 002d 01       		.byte	0x1
 748 002e 08       		.byte	0x8
 749 002f C8010000 		.4byte	.LASF1
 750 0033 02       		.uleb128 0x2
 751 0034 02       		.byte	0x2
 752 0035 05       		.byte	0x5
 753 0036 5E000000 		.4byte	.LASF2
ARM GAS  C:\Users\marlowea\AppData\Local\Temp\cckZ9Kb3.s 			page 18


 754 003a 02       		.uleb128 0x2
 755 003b 02       		.byte	0x2
 756 003c 07       		.byte	0x7
 757 003d 9C020000 		.4byte	.LASF3
 758 0041 03       		.uleb128 0x3
 759 0042 21040000 		.4byte	.LASF9
 760 0046 02       		.byte	0x2
 761 0047 3F       		.byte	0x3f
 762 0048 4C000000 		.4byte	0x4c
 763 004c 02       		.uleb128 0x2
 764 004d 04       		.byte	0x4
 765 004e 05       		.byte	0x5
 766 004f 3A010000 		.4byte	.LASF4
 767 0053 02       		.uleb128 0x2
 768 0054 04       		.byte	0x4
 769 0055 07       		.byte	0x7
 770 0056 66020000 		.4byte	.LASF5
 771 005a 02       		.uleb128 0x2
 772 005b 08       		.byte	0x8
 773 005c 05       		.byte	0x5
 774 005d 17010000 		.4byte	.LASF6
 775 0061 02       		.uleb128 0x2
 776 0062 08       		.byte	0x8
 777 0063 07       		.byte	0x7
 778 0064 1D020000 		.4byte	.LASF7
 779 0068 04       		.uleb128 0x4
 780 0069 04       		.byte	0x4
 781 006a 05       		.byte	0x5
 782 006b 696E7400 		.ascii	"int\000"
 783 006f 02       		.uleb128 0x2
 784 0070 04       		.byte	0x4
 785 0071 07       		.byte	0x7
 786 0072 48020000 		.4byte	.LASF8
 787 0076 03       		.uleb128 0x3
 788 0077 DD020000 		.4byte	.LASF10
 789 007b 03       		.byte	0x3
 790 007c 2C       		.byte	0x2c
 791 007d 41000000 		.4byte	0x41
 792 0081 05       		.uleb128 0x5
 793 0082 FF020000 		.4byte	.LASF11
 794 0086 04       		.byte	0x4
 795 0087 9201     		.2byte	0x192
 796 0089 2C000000 		.4byte	0x2c
 797 008d 02       		.uleb128 0x2
 798 008e 04       		.byte	0x4
 799 008f 04       		.byte	0x4
 800 0090 11010000 		.4byte	.LASF12
 801 0094 02       		.uleb128 0x2
 802 0095 08       		.byte	0x8
 803 0096 04       		.byte	0x4
 804 0097 84030000 		.4byte	.LASF13
 805 009b 02       		.uleb128 0x2
 806 009c 01       		.byte	0x1
 807 009d 08       		.byte	0x8
 808 009e B7020000 		.4byte	.LASF14
 809 00a2 05       		.uleb128 0x5
 810 00a3 43010000 		.4byte	.LASF15
ARM GAS  C:\Users\marlowea\AppData\Local\Temp\cckZ9Kb3.s 			page 19


 811 00a7 04       		.byte	0x4
 812 00a8 3C02     		.2byte	0x23c
 813 00aa AE000000 		.4byte	0xae
 814 00ae 06       		.uleb128 0x6
 815 00af 81000000 		.4byte	0x81
 816 00b3 02       		.uleb128 0x2
 817 00b4 08       		.byte	0x8
 818 00b5 04       		.byte	0x4
 819 00b6 A8010000 		.4byte	.LASF16
 820 00ba 02       		.uleb128 0x2
 821 00bb 04       		.byte	0x4
 822 00bc 07       		.byte	0x7
 823 00bd 68000000 		.4byte	.LASF17
 824 00c1 07       		.uleb128 0x7
 825 00c2 58000000 		.4byte	.LASF80
 826 00c6 01       		.byte	0x1
 827 00c7 2C000000 		.4byte	0x2c
 828 00cb 01       		.byte	0x1
 829 00cc 0E       		.byte	0xe
 830 00cd E4000000 		.4byte	0xe4
 831 00d1 08       		.uleb128 0x8
 832 00d2 B4010000 		.4byte	.LASF18
 833 00d6 00       		.byte	0
 834 00d7 08       		.uleb128 0x8
 835 00d8 C5000000 		.4byte	.LASF19
 836 00dc 01       		.byte	0x1
 837 00dd 08       		.uleb128 0x8
 838 00de 2D030000 		.4byte	.LASF20
 839 00e2 02       		.byte	0x2
 840 00e3 00       		.byte	0
 841 00e4 03       		.uleb128 0x3
 842 00e5 34010000 		.4byte	.LASF21
 843 00e9 01       		.byte	0x1
 844 00ea 0E       		.byte	0xe
 845 00eb C1000000 		.4byte	0xc1
 846 00ef 09       		.uleb128 0x9
 847 00f0 D6010000 		.4byte	.LASF22
 848 00f4 01       		.byte	0x1
 849 00f5 2B       		.byte	0x2b
 850 00f6 00000000 		.4byte	.LFB63
 851 00fa E4000000 		.4byte	.LFE63-.LFB63
 852 00fe 01       		.uleb128 0x1
 853 00ff 9C       		.byte	0x9c
 854 0100 75010000 		.4byte	0x175
 855 0104 0A       		.uleb128 0xa
 856 0105 2E000000 		.4byte	.LVL0
 857 0109 AA050000 		.4byte	0x5aa
 858 010d 17010000 		.4byte	0x117
 859 0111 0B       		.uleb128 0xb
 860 0112 01       		.uleb128 0x1
 861 0113 50       		.byte	0x50
 862 0114 01       		.uleb128 0x1
 863 0115 31       		.byte	0x31
 864 0116 00       		.byte	0
 865 0117 0A       		.uleb128 0xa
 866 0118 4C000000 		.4byte	.LVL1
 867 011c AA050000 		.4byte	0x5aa
ARM GAS  C:\Users\marlowea\AppData\Local\Temp\cckZ9Kb3.s 			page 20


 868 0120 2A010000 		.4byte	0x12a
 869 0124 0B       		.uleb128 0xb
 870 0125 01       		.uleb128 0x1
 871 0126 50       		.byte	0x50
 872 0127 01       		.uleb128 0x1
 873 0128 30       		.byte	0x30
 874 0129 00       		.byte	0
 875 012a 0A       		.uleb128 0xa
 876 012b 74000000 		.4byte	.LVL2
 877 012f AA050000 		.4byte	0x5aa
 878 0133 3D010000 		.4byte	0x13d
 879 0137 0B       		.uleb128 0xb
 880 0138 01       		.uleb128 0x1
 881 0139 50       		.byte	0x50
 882 013a 01       		.uleb128 0x1
 883 013b 31       		.byte	0x31
 884 013c 00       		.byte	0
 885 013d 0A       		.uleb128 0xa
 886 013e 8C000000 		.4byte	.LVL3
 887 0142 AA050000 		.4byte	0x5aa
 888 0146 50010000 		.4byte	0x150
 889 014a 0B       		.uleb128 0xb
 890 014b 01       		.uleb128 0x1
 891 014c 50       		.byte	0x50
 892 014d 01       		.uleb128 0x1
 893 014e 30       		.byte	0x30
 894 014f 00       		.byte	0
 895 0150 0A       		.uleb128 0xa
 896 0151 AC000000 		.4byte	.LVL4
 897 0155 B5050000 		.4byte	0x5b5
 898 0159 65010000 		.4byte	0x165
 899 015d 0B       		.uleb128 0xb
 900 015e 01       		.uleb128 0x1
 901 015f 50       		.byte	0x50
 902 0160 03       		.uleb128 0x3
 903 0161 0A       		.byte	0xa
 904 0162 EF01     		.2byte	0x1ef
 905 0164 00       		.byte	0
 906 0165 0C       		.uleb128 0xc
 907 0166 CA000000 		.4byte	.LVL5
 908 016a AA050000 		.4byte	0x5aa
 909 016e 0B       		.uleb128 0xb
 910 016f 01       		.uleb128 0x1
 911 0170 50       		.byte	0x50
 912 0171 01       		.uleb128 0x1
 913 0172 30       		.byte	0x30
 914 0173 00       		.byte	0
 915 0174 00       		.byte	0
 916 0175 09       		.uleb128 0x9
 917 0176 AF020000 		.4byte	.LASF23
 918 017a 01       		.byte	0x1
 919 017b 5B       		.byte	0x5b
 920 017c 00000000 		.4byte	.LFB64
 921 0180 1C000000 		.4byte	.LFE64-.LFB64
 922 0184 01       		.uleb128 0x1
 923 0185 9C       		.byte	0x9c
 924 0186 94010000 		.4byte	0x194
ARM GAS  C:\Users\marlowea\AppData\Local\Temp\cckZ9Kb3.s 			page 21


 925 018a 0D       		.uleb128 0xd
 926 018b 0A000000 		.4byte	.LVL6
 927 018f C0050000 		.4byte	0x5c0
 928 0193 00       		.byte	0
 929 0194 0E       		.uleb128 0xe
 930 0195 0B010000 		.4byte	.LASF24
 931 0199 01       		.byte	0x1
 932 019a 61       		.byte	0x61
 933 019b 00000000 		.4byte	.LFB65
 934 019f 7C000000 		.4byte	.LFE65-.LFB65
 935 01a3 01       		.uleb128 0x1
 936 01a4 9C       		.byte	0x9c
 937 01a5 FA010000 		.4byte	0x1fa
 938 01a9 0F       		.uleb128 0xf
 939 01aa 14000000 		.4byte	.LBB2
 940 01ae 68000000 		.4byte	.LBE2-.LBB2
 941 01b2 10       		.uleb128 0x10
 942 01b3 94020000 		.4byte	.LASF27
 943 01b7 01       		.byte	0x1
 944 01b8 6C       		.byte	0x6c
 945 01b9 68000000 		.4byte	0x68
 946 01bd 00000000 		.4byte	.LLST0
 947 01c1 0A       		.uleb128 0xa
 948 01c2 20000000 		.4byte	.LVL7
 949 01c6 AA050000 		.4byte	0x5aa
 950 01ca D4010000 		.4byte	0x1d4
 951 01ce 0B       		.uleb128 0xb
 952 01cf 01       		.uleb128 0x1
 953 01d0 50       		.byte	0x50
 954 01d1 01       		.uleb128 0x1
 955 01d2 30       		.byte	0x30
 956 01d3 00       		.byte	0
 957 01d4 0D       		.uleb128 0xd
 958 01d5 2A000000 		.4byte	.LVL9
 959 01d9 CB050000 		.4byte	0x5cb
 960 01dd 0D       		.uleb128 0xd
 961 01de 50000000 		.4byte	.LVL15
 962 01e2 D6050000 		.4byte	0x5d6
 963 01e6 0D       		.uleb128 0xd
 964 01e7 66000000 		.4byte	.LVL18
 965 01eb E1050000 		.4byte	0x5e1
 966 01ef 0D       		.uleb128 0xd
 967 01f0 6A000000 		.4byte	.LVL19
 968 01f4 EC050000 		.4byte	0x5ec
 969 01f8 00       		.byte	0
 970 01f9 00       		.byte	0
 971 01fa 09       		.uleb128 0x9
 972 01fb 30000000 		.4byte	.LASF25
 973 01ff 01       		.byte	0x1
 974 0200 77       		.byte	0x77
 975 0201 00000000 		.4byte	.LFB66
 976 0205 28000000 		.4byte	.LFE66-.LFB66
 977 0209 01       		.uleb128 0x1
 978 020a 9C       		.byte	0x9c
 979 020b 41020000 		.4byte	0x241
 980 020f 0A       		.uleb128 0xa
 981 0210 0E000000 		.4byte	.LVL20
ARM GAS  C:\Users\marlowea\AppData\Local\Temp\cckZ9Kb3.s 			page 22


 982 0214 F7050000 		.4byte	0x5f7
 983 0218 23020000 		.4byte	0x223
 984 021c 0B       		.uleb128 0xb
 985 021d 01       		.uleb128 0x1
 986 021e 50       		.byte	0x50
 987 021f 02       		.uleb128 0x2
 988 0220 08       		.byte	0x8
 989 0221 34       		.byte	0x34
 990 0222 00       		.byte	0
 991 0223 0A       		.uleb128 0xa
 992 0224 14000000 		.4byte	.LVL21
 993 0228 02060000 		.4byte	0x602
 994 022c 37020000 		.4byte	0x237
 995 0230 0B       		.uleb128 0xb
 996 0231 01       		.uleb128 0x1
 997 0232 50       		.byte	0x50
 998 0233 02       		.uleb128 0x2
 999 0234 08       		.byte	0x8
 1000 0235 33       		.byte	0x33
 1001 0236 00       		.byte	0
 1002 0237 0D       		.uleb128 0xd
 1003 0238 18000000 		.4byte	.LVL22
 1004 023c 0D060000 		.4byte	0x60d
 1005 0240 00       		.byte	0
 1006 0241 09       		.uleb128 0x9
 1007 0242 8C020000 		.4byte	.LASF26
 1008 0246 01       		.byte	0x1
 1009 0247 82       		.byte	0x82
 1010 0248 00000000 		.4byte	.LFB67
 1011 024c 2C000000 		.4byte	.LFE67-.LFB67
 1012 0250 01       		.uleb128 0x1
 1013 0251 9C       		.byte	0x9c
 1014 0252 8A020000 		.4byte	0x28a
 1015 0256 0A       		.uleb128 0xa
 1016 0257 10000000 		.4byte	.LVL23
 1017 025b F7050000 		.4byte	0x5f7
 1018 025f 6B020000 		.4byte	0x26b
 1019 0263 0B       		.uleb128 0xb
 1020 0264 01       		.uleb128 0x1
 1021 0265 50       		.byte	0x50
 1022 0266 03       		.uleb128 0x3
 1023 0267 0A       		.byte	0xa
 1024 0268 3E03     		.2byte	0x33e
 1025 026a 00       		.byte	0
 1026 026b 0A       		.uleb128 0xa
 1027 026c 18000000 		.4byte	.LVL24
 1028 0270 02060000 		.4byte	0x602
 1029 0274 80020000 		.4byte	0x280
 1030 0278 0B       		.uleb128 0xb
 1031 0279 01       		.uleb128 0x1
 1032 027a 50       		.byte	0x50
 1033 027b 03       		.uleb128 0x3
 1034 027c 0A       		.byte	0xa
 1035 027d 3D03     		.2byte	0x33d
 1036 027f 00       		.byte	0
 1037 0280 0D       		.uleb128 0xd
 1038 0281 1C000000 		.4byte	.LVL25
ARM GAS  C:\Users\marlowea\AppData\Local\Temp\cckZ9Kb3.s 			page 23


 1039 0285 0D060000 		.4byte	0x60d
 1040 0289 00       		.byte	0
 1041 028a 11       		.uleb128 0x11
 1042 028b CD020000 		.4byte	.LASF81
 1043 028f 01       		.byte	0x1
 1044 0290 8D       		.byte	0x8d
 1045 0291 68000000 		.4byte	0x68
 1046 0295 00000000 		.4byte	.LFB68
 1047 0299 7C010000 		.4byte	.LFE68-.LFB68
 1048 029d 01       		.uleb128 0x1
 1049 029e 9C       		.byte	0x9c
 1050 029f A3040000 		.4byte	0x4a3
 1051 02a3 12       		.uleb128 0x12
 1052 02a4 00000000 		.4byte	.Ldebug_ranges0+0
 1053 02a8 CC020000 		.4byte	0x2cc
 1054 02ac 13       		.uleb128 0x13
 1055 02ad 7900     		.ascii	"y\000"
 1056 02af 01       		.byte	0x1
 1057 02b0 BA       		.byte	0xba
 1058 02b1 68000000 		.4byte	0x68
 1059 02b5 2C000000 		.4byte	.LLST1
 1060 02b9 0D       		.uleb128 0xd
 1061 02ba A4000000 		.4byte	.LVL46
 1062 02be 18060000 		.4byte	0x618
 1063 02c2 0D       		.uleb128 0xd
 1064 02c3 B8000000 		.4byte	.LVL47
 1065 02c7 23060000 		.4byte	0x623
 1066 02cb 00       		.byte	0
 1067 02cc 0A       		.uleb128 0xa
 1068 02cd 0A000000 		.4byte	.LVL26
 1069 02d1 2E060000 		.4byte	0x62e
 1070 02d5 E3020000 		.4byte	0x2e3
 1071 02d9 0B       		.uleb128 0xb
 1072 02da 01       		.uleb128 0x1
 1073 02db 50       		.byte	0x50
 1074 02dc 05       		.uleb128 0x5
 1075 02dd 03       		.byte	0x3
 1076 02de 00000000 		.4byte	TIMER
 1077 02e2 00       		.byte	0
 1078 02e3 0A       		.uleb128 0xa
 1079 02e4 10000000 		.4byte	.LVL27
 1080 02e8 39060000 		.4byte	0x639
 1081 02ec FA020000 		.4byte	0x2fa
 1082 02f0 0B       		.uleb128 0xb
 1083 02f1 01       		.uleb128 0x1
 1084 02f2 50       		.byte	0x50
 1085 02f3 05       		.uleb128 0x5
 1086 02f4 03       		.byte	0x3
 1087 02f5 00000000 		.4byte	RISING
 1088 02f9 00       		.byte	0
 1089 02fa 0A       		.uleb128 0xa
 1090 02fb 16000000 		.4byte	.LVL28
 1091 02ff 44060000 		.4byte	0x644
 1092 0303 11030000 		.4byte	0x311
 1093 0307 0B       		.uleb128 0xb
 1094 0308 01       		.uleb128 0x1
 1095 0309 50       		.byte	0x50
ARM GAS  C:\Users\marlowea\AppData\Local\Temp\cckZ9Kb3.s 			page 24


 1096 030a 05       		.uleb128 0x5
 1097 030b 03       		.byte	0x3
 1098 030c 00000000 		.4byte	FALLING
 1099 0310 00       		.byte	0
 1100 0311 0D       		.uleb128 0xd
 1101 0312 1A000000 		.4byte	.LVL29
 1102 0316 4F060000 		.4byte	0x64f
 1103 031a 0A       		.uleb128 0xa
 1104 031b 20000000 		.4byte	.LVL30
 1105 031f 5A060000 		.4byte	0x65a
 1106 0323 2E030000 		.4byte	0x32e
 1107 0327 0B       		.uleb128 0xb
 1108 0328 01       		.uleb128 0x1
 1109 0329 50       		.byte	0x50
 1110 032a 02       		.uleb128 0x2
 1111 032b 08       		.byte	0x8
 1112 032c 2F       		.byte	0x2f
 1113 032d 00       		.byte	0
 1114 032e 0A       		.uleb128 0xa
 1115 032f 26000000 		.4byte	.LVL31
 1116 0333 65060000 		.4byte	0x665
 1117 0337 42030000 		.4byte	0x342
 1118 033b 0B       		.uleb128 0xb
 1119 033c 01       		.uleb128 0x1
 1120 033d 50       		.byte	0x50
 1121 033e 02       		.uleb128 0x2
 1122 033f 08       		.byte	0x8
 1123 0340 2E       		.byte	0x2e
 1124 0341 00       		.byte	0
 1125 0342 0A       		.uleb128 0xa
 1126 0343 2C000000 		.4byte	.LVL32
 1127 0347 70060000 		.4byte	0x670
 1128 034b 59030000 		.4byte	0x359
 1129 034f 0B       		.uleb128 0xb
 1130 0350 01       		.uleb128 0x1
 1131 0351 50       		.byte	0x50
 1132 0352 05       		.uleb128 0x5
 1133 0353 03       		.byte	0x3
 1134 0354 00000000 		.4byte	Timer_TX_ISR_HANDLER
 1135 0358 00       		.byte	0
 1136 0359 0A       		.uleb128 0xa
 1137 035a 32000000 		.4byte	.LVL33
 1138 035e 7B060000 		.4byte	0x67b
 1139 0362 70030000 		.4byte	0x370
 1140 0366 0B       		.uleb128 0xb
 1141 0367 01       		.uleb128 0x1
 1142 0368 50       		.byte	0x50
 1143 0369 05       		.uleb128 0x5
 1144 036a 03       		.byte	0x3
 1145 036b 00000000 		.4byte	BACKOFF
 1146 036f 00       		.byte	0
 1147 0370 0D       		.uleb128 0xd
 1148 0371 36000000 		.4byte	.LVL34
 1149 0375 86060000 		.4byte	0x686
 1150 0379 0A       		.uleb128 0xa
 1151 037a 40000000 		.4byte	.LVL35
 1152 037e 91060000 		.4byte	0x691
ARM GAS  C:\Users\marlowea\AppData\Local\Temp\cckZ9Kb3.s 			page 25


 1153 0382 8C030000 		.4byte	0x38c
 1154 0386 0B       		.uleb128 0xb
 1155 0387 01       		.uleb128 0x1
 1156 0388 51       		.byte	0x51
 1157 0389 01       		.uleb128 0x1
 1158 038a 31       		.byte	0x31
 1159 038b 00       		.byte	0
 1160 038c 0D       		.uleb128 0xd
 1161 038d 44000000 		.4byte	.LVL36
 1162 0391 9D060000 		.4byte	0x69d
 1163 0395 0D       		.uleb128 0xd
 1164 0396 54000000 		.4byte	.LVL37
 1165 039a A8060000 		.4byte	0x6a8
 1166 039e 0D       		.uleb128 0xd
 1167 039f 5A000000 		.4byte	.LVL38
 1168 03a3 B4060000 		.4byte	0x6b4
 1169 03a7 0D       		.uleb128 0xd
 1170 03a8 60000000 		.4byte	.LVL39
 1171 03ac C0060000 		.4byte	0x6c0
 1172 03b0 0D       		.uleb128 0xd
 1173 03b1 64000000 		.4byte	.LVL40
 1174 03b5 CB060000 		.4byte	0x6cb
 1175 03b9 0A       		.uleb128 0xa
 1176 03ba 6C000000 		.4byte	.LVL41
 1177 03be D6060000 		.4byte	0x6d6
 1178 03c2 D0030000 		.4byte	0x3d0
 1179 03c6 0B       		.uleb128 0xb
 1180 03c7 01       		.uleb128 0x1
 1181 03c8 50       		.byte	0x50
 1182 03c9 05       		.uleb128 0x5
 1183 03ca 03       		.byte	0x3
 1184 03cb 00000000 		.4byte	SERIAL_BUFFER
 1185 03cf 00       		.byte	0
 1186 03d0 0D       		.uleb128 0xd
 1187 03d1 74000000 		.4byte	.LVL42
 1188 03d5 18060000 		.4byte	0x618
 1189 03d9 0D       		.uleb128 0xd
 1190 03da 7C000000 		.4byte	.LVL43
 1191 03de E1060000 		.4byte	0x6e1
 1192 03e2 0D       		.uleb128 0xd
 1193 03e3 88000000 		.4byte	.LVL44
 1194 03e7 18060000 		.4byte	0x618
 1195 03eb 0D       		.uleb128 0xd
 1196 03ec CE000000 		.4byte	.LVL51
 1197 03f0 18060000 		.4byte	0x618
 1198 03f4 0D       		.uleb128 0xd
 1199 03f5 D6000000 		.4byte	.LVL52
 1200 03f9 E1060000 		.4byte	0x6e1
 1201 03fd 0A       		.uleb128 0xa
 1202 03fe EC000000 		.4byte	.LVL53
 1203 0402 EC060000 		.4byte	0x6ec
 1204 0406 10040000 		.4byte	0x410
 1205 040a 0B       		.uleb128 0xb
 1206 040b 01       		.uleb128 0x1
 1207 040c 50       		.byte	0x50
 1208 040d 01       		.uleb128 0x1
 1209 040e 31       		.byte	0x31
ARM GAS  C:\Users\marlowea\AppData\Local\Temp\cckZ9Kb3.s 			page 26


 1210 040f 00       		.byte	0
 1211 0410 0D       		.uleb128 0xd
 1212 0411 F0000000 		.4byte	.LVL54
 1213 0415 F7060000 		.4byte	0x6f7
 1214 0419 0D       		.uleb128 0xd
 1215 041a FA000000 		.4byte	.LVL55
 1216 041e 02070000 		.4byte	0x702
 1217 0422 0D       		.uleb128 0xd
 1218 0423 FE000000 		.4byte	.LVL56
 1219 0427 F7060000 		.4byte	0x6f7
 1220 042b 0D       		.uleb128 0xd
 1221 042c 08010000 		.4byte	.LVL57
 1222 0430 0D070000 		.4byte	0x70d
 1223 0434 0A       		.uleb128 0xa
 1224 0435 10010000 		.4byte	.LVL58
 1225 0439 02070000 		.4byte	0x702
 1226 043d 47040000 		.4byte	0x447
 1227 0441 0B       		.uleb128 0xb
 1228 0442 01       		.uleb128 0x1
 1229 0443 50       		.byte	0x50
 1230 0444 01       		.uleb128 0x1
 1231 0445 31       		.byte	0x31
 1232 0446 00       		.byte	0
 1233 0447 0D       		.uleb128 0xd
 1234 0448 14010000 		.4byte	.LVL59
 1235 044c 18070000 		.4byte	0x718
 1236 0450 0D       		.uleb128 0xd
 1237 0451 1E010000 		.4byte	.LVL60
 1238 0455 EC060000 		.4byte	0x6ec
 1239 0459 0D       		.uleb128 0xd
 1240 045a 22010000 		.4byte	.LVL61
 1241 045e 18070000 		.4byte	0x718
 1242 0462 0D       		.uleb128 0xd
 1243 0463 2C010000 		.4byte	.LVL62
 1244 0467 0D070000 		.4byte	0x70d
 1245 046b 0A       		.uleb128 0xa
 1246 046c 34010000 		.4byte	.LVL63
 1247 0470 0D070000 		.4byte	0x70d
 1248 0474 7E040000 		.4byte	0x47e
 1249 0478 0B       		.uleb128 0xb
 1250 0479 01       		.uleb128 0x1
 1251 047a 50       		.byte	0x50
 1252 047b 01       		.uleb128 0x1
 1253 047c 31       		.byte	0x31
 1254 047d 00       		.byte	0
 1255 047e 0D       		.uleb128 0xd
 1256 047f 38010000 		.4byte	.LVL64
 1257 0483 23070000 		.4byte	0x723
 1258 0487 0D       		.uleb128 0xd
 1259 0488 42010000 		.4byte	.LVL65
 1260 048c EC060000 		.4byte	0x6ec
 1261 0490 0D       		.uleb128 0xd
 1262 0491 46010000 		.4byte	.LVL66
 1263 0495 23070000 		.4byte	0x723
 1264 0499 0D       		.uleb128 0xd
 1265 049a 50010000 		.4byte	.LVL67
 1266 049e 02070000 		.4byte	0x702
ARM GAS  C:\Users\marlowea\AppData\Local\Temp\cckZ9Kb3.s 			page 27


 1267 04a2 00       		.byte	0
 1268 04a3 14       		.uleb128 0x14
 1269 04a4 57010000 		.4byte	.LASF28
 1270 04a8 05       		.byte	0x5
 1271 04a9 D202     		.2byte	0x2d2
 1272 04ab AE000000 		.4byte	0xae
 1273 04af 14       		.uleb128 0x14
 1274 04b0 57040000 		.4byte	.LASF29
 1275 04b4 06       		.byte	0x6
 1276 04b5 1207     		.2byte	0x712
 1277 04b7 BB040000 		.4byte	0x4bb
 1278 04bb 06       		.uleb128 0x6
 1279 04bc 76000000 		.4byte	0x76
 1280 04c0 15       		.uleb128 0x15
 1281 04c1 EB010000 		.4byte	.LASF30
 1282 04c5 01       		.byte	0x1
 1283 04c6 10       		.byte	0x10
 1284 04c7 E4000000 		.4byte	0xe4
 1285 04cb 05       		.uleb128 0x5
 1286 04cc 03       		.byte	0x3
 1287 04cd 00000000 		.4byte	systemState
 1288 04d1 15       		.uleb128 0x15
 1289 04d2 37000000 		.4byte	.LASF31
 1290 04d6 01       		.byte	0x1
 1291 04d7 12       		.byte	0x12
 1292 04d8 E2040000 		.4byte	0x4e2
 1293 04dc 05       		.uleb128 0x5
 1294 04dd 03       		.byte	0x3
 1295 04de 00000000 		.4byte	lowFlag
 1296 04e2 02       		.uleb128 0x2
 1297 04e3 01       		.byte	0x1
 1298 04e4 02       		.byte	0x2
 1299 04e5 05030000 		.4byte	.LASF32
 1300 04e9 16       		.uleb128 0x16
 1301 04ea 2C000000 		.4byte	0x2c
 1302 04ee FA040000 		.4byte	0x4fa
 1303 04f2 17       		.uleb128 0x17
 1304 04f3 BA000000 		.4byte	0xba
 1305 04f7 F301     		.2byte	0x1f3
 1306 04f9 00       		.byte	0
 1307 04fa 15       		.uleb128 0x15
 1308 04fb 11030000 		.4byte	.LASF33
 1309 04ff 01       		.byte	0x1
 1310 0500 1F       		.byte	0x1f
 1311 0501 E9040000 		.4byte	0x4e9
 1312 0505 05       		.uleb128 0x5
 1313 0506 03       		.byte	0x3
 1314 0507 00000000 		.4byte	SERIAL_BUFFER
 1315 050b 15       		.uleb128 0x15
 1316 050c 2B040000 		.4byte	.LASF34
 1317 0510 01       		.byte	0x1
 1318 0511 20       		.byte	0x20
 1319 0512 68000000 		.4byte	0x68
 1320 0516 05       		.uleb128 0x5
 1321 0517 03       		.byte	0x3
 1322 0518 00000000 		.4byte	SERIAL_POS
 1323 051c 15       		.uleb128 0x15
ARM GAS  C:\Users\marlowea\AppData\Local\Temp\cckZ9Kb3.s 			page 28


 1324 051d FD000000 		.4byte	.LASF35
 1325 0521 01       		.byte	0x1
 1326 0522 22       		.byte	0x22
 1327 0523 68000000 		.4byte	0x68
 1328 0527 05       		.uleb128 0x5
 1329 0528 03       		.byte	0x3
 1330 0529 00000000 		.4byte	uartConnected
 1331 052d 16       		.uleb128 0x16
 1332 052e 2C000000 		.4byte	0x2c
 1333 0532 44050000 		.4byte	0x544
 1334 0536 17       		.uleb128 0x17
 1335 0537 BA000000 		.4byte	0xba
 1336 053b F301     		.2byte	0x1f3
 1337 053d 18       		.uleb128 0x18
 1338 053e BA000000 		.4byte	0xba
 1339 0542 0F       		.byte	0xf
 1340 0543 00       		.byte	0
 1341 0544 15       		.uleb128 0x15
 1342 0545 48010000 		.4byte	.LASF36
 1343 0549 01       		.byte	0x1
 1344 054a 24       		.byte	0x24
 1345 054b 2D050000 		.4byte	0x52d
 1346 054f 05       		.uleb128 0x5
 1347 0550 03       		.byte	0x3
 1348 0551 00000000 		.4byte	CONVERTED_DATA
 1349 0555 15       		.uleb128 0x15
 1350 0556 F7010000 		.4byte	.LASF37
 1351 055a 01       		.byte	0x1
 1352 055b 25       		.byte	0x25
 1353 055c 68000000 		.4byte	0x68
 1354 0560 05       		.uleb128 0x5
 1355 0561 03       		.byte	0x3
 1356 0562 00000000 		.4byte	dataConvertedReadOutCount
 1357 0566 15       		.uleb128 0x15
 1358 0567 6F030000 		.4byte	.LASF38
 1359 056b 01       		.byte	0x1
 1360 056c 26       		.byte	0x26
 1361 056d 9B000000 		.4byte	0x9b
 1362 0571 05       		.uleb128 0x5
 1363 0572 03       		.byte	0x3
 1364 0573 00000000 		.4byte	currentChar
 1365 0577 15       		.uleb128 0x15
 1366 0578 E9000000 		.4byte	.LASF39
 1367 057c 01       		.byte	0x1
 1368 057d 27       		.byte	0x27
 1369 057e 68000000 		.4byte	0x68
 1370 0582 05       		.uleb128 0x5
 1371 0583 03       		.byte	0x3
 1372 0584 00000000 		.4byte	dataSize
 1373 0588 15       		.uleb128 0x15
 1374 0589 E5020000 		.4byte	.LASF40
 1375 058d 01       		.byte	0x1
 1376 058e 28       		.byte	0x28
 1377 058f 68000000 		.4byte	0x68
 1378 0593 05       		.uleb128 0x5
 1379 0594 03       		.byte	0x3
 1380 0595 00000000 		.4byte	TX_Bit_Counter
ARM GAS  C:\Users\marlowea\AppData\Local\Temp\cckZ9Kb3.s 			page 29


 1381 0599 15       		.uleb128 0x15
 1382 059a 0B030000 		.4byte	.LASF41
 1383 059e 01       		.byte	0x1
 1384 059f 29       		.byte	0x29
 1385 05a0 68000000 		.4byte	0x68
 1386 05a4 05       		.uleb128 0x5
 1387 05a5 03       		.byte	0x3
 1388 05a6 00000000 		.4byte	count
 1389 05aa 19       		.uleb128 0x19
 1390 05ab 4E040000 		.4byte	.LASF42
 1391 05af 4E040000 		.4byte	.LASF42
 1392 05b3 07       		.byte	0x7
 1393 05b4 26       		.byte	0x26
 1394 05b5 19       		.uleb128 0x19
 1395 05b6 BE010000 		.4byte	.LASF43
 1396 05ba BE010000 		.4byte	.LASF43
 1397 05be 08       		.byte	0x8
 1398 05bf 77       		.byte	0x77
 1399 05c0 19       		.uleb128 0x19
 1400 05c1 23000000 		.4byte	.LASF44
 1401 05c5 23000000 		.4byte	.LASF44
 1402 05c9 09       		.byte	0x9
 1403 05ca 5B       		.byte	0x5b
 1404 05cb 19       		.uleb128 0x19
 1405 05cc 7B030000 		.4byte	.LASF45
 1406 05d0 7B030000 		.4byte	.LASF45
 1407 05d4 0A       		.byte	0xa
 1408 05d5 6D       		.byte	0x6d
 1409 05d6 19       		.uleb128 0x19
 1410 05d7 34020000 		.4byte	.LASF46
 1411 05db 34020000 		.4byte	.LASF46
 1412 05df 09       		.byte	0x9
 1413 05e0 68       		.byte	0x68
 1414 05e1 19       		.uleb128 0x19
 1415 05e2 D4000000 		.4byte	.LASF47
 1416 05e6 D4000000 		.4byte	.LASF47
 1417 05ea 09       		.byte	0x9
 1418 05eb 6A       		.byte	0x6a
 1419 05ec 19       		.uleb128 0x19
 1420 05ed A2000000 		.4byte	.LASF48
 1421 05f1 A2000000 		.4byte	.LASF48
 1422 05f5 09       		.byte	0x9
 1423 05f6 5A       		.byte	0x5a
 1424 05f7 19       		.uleb128 0x19
 1425 05f8 63010000 		.4byte	.LASF49
 1426 05fc 63010000 		.4byte	.LASF49
 1427 0600 0B       		.byte	0xb
 1428 0601 68       		.byte	0x68
 1429 0602 19       		.uleb128 0x19
 1430 0603 77010000 		.4byte	.LASF50
 1431 0607 77010000 		.4byte	.LASF50
 1432 060b 0B       		.byte	0xb
 1433 060c 6A       		.byte	0x6a
 1434 060d 19       		.uleb128 0x19
 1435 060e 1F030000 		.4byte	.LASF51
 1436 0612 1F030000 		.4byte	.LASF51
 1437 0616 0B       		.byte	0xb
ARM GAS  C:\Users\marlowea\AppData\Local\Temp\cckZ9Kb3.s 			page 30


 1438 0617 5A       		.byte	0x5a
 1439 0618 19       		.uleb128 0x19
 1440 0619 7D000000 		.4byte	.LASF52
 1441 061d 7D000000 		.4byte	.LASF52
 1442 0621 0C       		.byte	0xc
 1443 0622 28       		.byte	0x28
 1444 0623 19       		.uleb128 0x19
 1445 0624 F2040000 		.4byte	.LASF53
 1446 0628 F2040000 		.4byte	.LASF53
 1447 062c 0C       		.byte	0xc
 1448 062d 25       		.byte	0x25
 1449 062e 19       		.uleb128 0x19
 1450 062f 55020000 		.4byte	.LASF54
 1451 0633 55020000 		.4byte	.LASF54
 1452 0637 0D       		.byte	0xd
 1453 0638 18       		.byte	0x18
 1454 0639 19       		.uleb128 0x19
 1455 063a 10000000 		.4byte	.LASF55
 1456 063e 10000000 		.4byte	.LASF55
 1457 0642 0E       		.byte	0xe
 1458 0643 18       		.byte	0x18
 1459 0644 19       		.uleb128 0x19
 1460 0645 37030000 		.4byte	.LASF56
 1461 0649 37030000 		.4byte	.LASF56
 1462 064d 0F       		.byte	0xf
 1463 064e 18       		.byte	0x18
 1464 064f 19       		.uleb128 0x19
 1465 0650 25010000 		.4byte	.LASF57
 1466 0654 25010000 		.4byte	.LASF57
 1467 0658 10       		.byte	0x10
 1468 0659 5A       		.byte	0x5a
 1469 065a 19       		.uleb128 0x19
 1470 065b 8D000000 		.4byte	.LASF58
 1471 065f 8D000000 		.4byte	.LASF58
 1472 0663 10       		.byte	0x10
 1473 0664 68       		.byte	0x68
 1474 0665 19       		.uleb128 0x19
 1475 0666 AB030000 		.4byte	.LASF59
 1476 066a AB030000 		.4byte	.LASF59
 1477 066e 10       		.byte	0x10
 1478 066f 6A       		.byte	0x6a
 1479 0670 19       		.uleb128 0x19
 1480 0671 B0000000 		.4byte	.LASF60
 1481 0675 B0000000 		.4byte	.LASF60
 1482 0679 11       		.byte	0x11
 1483 067a 18       		.byte	0x18
 1484 067b 19       		.uleb128 0x19
 1485 067c 78020000 		.4byte	.LASF61
 1486 0680 78020000 		.4byte	.LASF61
 1487 0684 12       		.byte	0x12
 1488 0685 18       		.byte	0x18
 1489 0686 19       		.uleb128 0x19
 1490 0687 36040000 		.4byte	.LASF62
 1491 068b 36040000 		.4byte	.LASF62
 1492 068f 0A       		.byte	0xa
 1493 0690 59       		.byte	0x59
 1494 0691 1A       		.uleb128 0x1a
ARM GAS  C:\Users\marlowea\AppData\Local\Temp\cckZ9Kb3.s 			page 31


 1495 0692 D2020000 		.4byte	.LASF63
 1496 0696 D2020000 		.4byte	.LASF63
 1497 069a 05       		.byte	0x5
 1498 069b 2A01     		.2byte	0x12a
 1499 069d 19       		.uleb128 0x19
 1500 069e 00000000 		.4byte	.LASF64
 1501 06a2 00000000 		.4byte	.LASF64
 1502 06a6 0C       		.byte	0xc
 1503 06a7 2E       		.byte	0x2e
 1504 06a8 1A       		.uleb128 0x1a
 1505 06a9 8C010000 		.4byte	.LASF65
 1506 06ad 8C010000 		.4byte	.LASF65
 1507 06b1 05       		.byte	0x5
 1508 06b2 2E01     		.2byte	0x12e
 1509 06b4 1A       		.uleb128 0x1a
 1510 06b5 95030000 		.4byte	.LASF66
 1511 06b9 95030000 		.4byte	.LASF66
 1512 06bd 05       		.byte	0x5
 1513 06be 2D01     		.2byte	0x12d
 1514 06c0 19       		.uleb128 0x19
 1515 06c1 40040000 		.4byte	.LASF67
 1516 06c5 40040000 		.4byte	.LASF67
 1517 06c9 0C       		.byte	0xc
 1518 06ca 22       		.byte	0x22
 1519 06cb 19       		.uleb128 0x19
 1520 06cc BC020000 		.4byte	.LASF68
 1521 06d0 BC020000 		.4byte	.LASF68
 1522 06d4 0C       		.byte	0xc
 1523 06d5 29       		.byte	0x29
 1524 06d6 19       		.uleb128 0x19
 1525 06d7 71000000 		.4byte	.LASF69
 1526 06db 71000000 		.4byte	.LASF69
 1527 06df 0C       		.byte	0xc
 1528 06e0 2B       		.byte	0x2b
 1529 06e1 19       		.uleb128 0x19
 1530 06e2 62030000 		.4byte	.LASF70
 1531 06e6 62030000 		.4byte	.LASF70
 1532 06ea 0C       		.byte	0xc
 1533 06eb 26       		.byte	0x26
 1534 06ec 19       		.uleb128 0x19
 1535 06ed F4020000 		.4byte	.LASF71
 1536 06f1 F4020000 		.4byte	.LASF71
 1537 06f5 13       		.byte	0x13
 1538 06f6 26       		.byte	0x26
 1539 06f7 19       		.uleb128 0x19
 1540 06f8 3F000000 		.4byte	.LASF72
 1541 06fc 3F000000 		.4byte	.LASF72
 1542 0700 13       		.byte	0x13
 1543 0701 29       		.byte	0x29
 1544 0702 19       		.uleb128 0x19
 1545 0703 F2000000 		.4byte	.LASF73
 1546 0707 F2000000 		.4byte	.LASF73
 1547 070b 14       		.byte	0x14
 1548 070c 26       		.byte	0x26
 1549 070d 19       		.uleb128 0x19
 1550 070e 4B030000 		.4byte	.LASF74
 1551 0712 4B030000 		.4byte	.LASF74
ARM GAS  C:\Users\marlowea\AppData\Local\Temp\cckZ9Kb3.s 			page 32


 1552 0716 15       		.byte	0x15
 1553 0717 26       		.byte	0x26
 1554 0718 19       		.uleb128 0x19
 1555 0719 8B030000 		.4byte	.LASF75
 1556 071d 8B030000 		.4byte	.LASF75
 1557 0721 14       		.byte	0x14
 1558 0722 29       		.byte	0x29
 1559 0723 19       		.uleb128 0x19
 1560 0724 49000000 		.4byte	.LASF76
 1561 0728 49000000 		.4byte	.LASF76
 1562 072c 15       		.byte	0x15
 1563 072d 29       		.byte	0x29
 1564 072e 00       		.byte	0
 1565              		.section	.debug_abbrev,"",%progbits
 1566              	.Ldebug_abbrev0:
 1567 0000 01       		.uleb128 0x1
 1568 0001 11       		.uleb128 0x11
 1569 0002 01       		.byte	0x1
 1570 0003 25       		.uleb128 0x25
 1571 0004 0E       		.uleb128 0xe
 1572 0005 13       		.uleb128 0x13
 1573 0006 0B       		.uleb128 0xb
 1574 0007 03       		.uleb128 0x3
 1575 0008 0E       		.uleb128 0xe
 1576 0009 1B       		.uleb128 0x1b
 1577 000a 0E       		.uleb128 0xe
 1578 000b 55       		.uleb128 0x55
 1579 000c 17       		.uleb128 0x17
 1580 000d 11       		.uleb128 0x11
 1581 000e 01       		.uleb128 0x1
 1582 000f 10       		.uleb128 0x10
 1583 0010 17       		.uleb128 0x17
 1584 0011 00       		.byte	0
 1585 0012 00       		.byte	0
 1586 0013 02       		.uleb128 0x2
 1587 0014 24       		.uleb128 0x24
 1588 0015 00       		.byte	0
 1589 0016 0B       		.uleb128 0xb
 1590 0017 0B       		.uleb128 0xb
 1591 0018 3E       		.uleb128 0x3e
 1592 0019 0B       		.uleb128 0xb
 1593 001a 03       		.uleb128 0x3
 1594 001b 0E       		.uleb128 0xe
 1595 001c 00       		.byte	0
 1596 001d 00       		.byte	0
 1597 001e 03       		.uleb128 0x3
 1598 001f 16       		.uleb128 0x16
 1599 0020 00       		.byte	0
 1600 0021 03       		.uleb128 0x3
 1601 0022 0E       		.uleb128 0xe
 1602 0023 3A       		.uleb128 0x3a
 1603 0024 0B       		.uleb128 0xb
 1604 0025 3B       		.uleb128 0x3b
 1605 0026 0B       		.uleb128 0xb
 1606 0027 49       		.uleb128 0x49
 1607 0028 13       		.uleb128 0x13
 1608 0029 00       		.byte	0
ARM GAS  C:\Users\marlowea\AppData\Local\Temp\cckZ9Kb3.s 			page 33


 1609 002a 00       		.byte	0
 1610 002b 04       		.uleb128 0x4
 1611 002c 24       		.uleb128 0x24
 1612 002d 00       		.byte	0
 1613 002e 0B       		.uleb128 0xb
 1614 002f 0B       		.uleb128 0xb
 1615 0030 3E       		.uleb128 0x3e
 1616 0031 0B       		.uleb128 0xb
 1617 0032 03       		.uleb128 0x3
 1618 0033 08       		.uleb128 0x8
 1619 0034 00       		.byte	0
 1620 0035 00       		.byte	0
 1621 0036 05       		.uleb128 0x5
 1622 0037 16       		.uleb128 0x16
 1623 0038 00       		.byte	0
 1624 0039 03       		.uleb128 0x3
 1625 003a 0E       		.uleb128 0xe
 1626 003b 3A       		.uleb128 0x3a
 1627 003c 0B       		.uleb128 0xb
 1628 003d 3B       		.uleb128 0x3b
 1629 003e 05       		.uleb128 0x5
 1630 003f 49       		.uleb128 0x49
 1631 0040 13       		.uleb128 0x13
 1632 0041 00       		.byte	0
 1633 0042 00       		.byte	0
 1634 0043 06       		.uleb128 0x6
 1635 0044 35       		.uleb128 0x35
 1636 0045 00       		.byte	0
 1637 0046 49       		.uleb128 0x49
 1638 0047 13       		.uleb128 0x13
 1639 0048 00       		.byte	0
 1640 0049 00       		.byte	0
 1641 004a 07       		.uleb128 0x7
 1642 004b 04       		.uleb128 0x4
 1643 004c 01       		.byte	0x1
 1644 004d 03       		.uleb128 0x3
 1645 004e 0E       		.uleb128 0xe
 1646 004f 0B       		.uleb128 0xb
 1647 0050 0B       		.uleb128 0xb
 1648 0051 49       		.uleb128 0x49
 1649 0052 13       		.uleb128 0x13
 1650 0053 3A       		.uleb128 0x3a
 1651 0054 0B       		.uleb128 0xb
 1652 0055 3B       		.uleb128 0x3b
 1653 0056 0B       		.uleb128 0xb
 1654 0057 01       		.uleb128 0x1
 1655 0058 13       		.uleb128 0x13
 1656 0059 00       		.byte	0
 1657 005a 00       		.byte	0
 1658 005b 08       		.uleb128 0x8
 1659 005c 28       		.uleb128 0x28
 1660 005d 00       		.byte	0
 1661 005e 03       		.uleb128 0x3
 1662 005f 0E       		.uleb128 0xe
 1663 0060 1C       		.uleb128 0x1c
 1664 0061 0B       		.uleb128 0xb
 1665 0062 00       		.byte	0
ARM GAS  C:\Users\marlowea\AppData\Local\Temp\cckZ9Kb3.s 			page 34


 1666 0063 00       		.byte	0
 1667 0064 09       		.uleb128 0x9
 1668 0065 2E       		.uleb128 0x2e
 1669 0066 01       		.byte	0x1
 1670 0067 3F       		.uleb128 0x3f
 1671 0068 19       		.uleb128 0x19
 1672 0069 03       		.uleb128 0x3
 1673 006a 0E       		.uleb128 0xe
 1674 006b 3A       		.uleb128 0x3a
 1675 006c 0B       		.uleb128 0xb
 1676 006d 3B       		.uleb128 0x3b
 1677 006e 0B       		.uleb128 0xb
 1678 006f 27       		.uleb128 0x27
 1679 0070 19       		.uleb128 0x19
 1680 0071 11       		.uleb128 0x11
 1681 0072 01       		.uleb128 0x1
 1682 0073 12       		.uleb128 0x12
 1683 0074 06       		.uleb128 0x6
 1684 0075 40       		.uleb128 0x40
 1685 0076 18       		.uleb128 0x18
 1686 0077 9742     		.uleb128 0x2117
 1687 0079 19       		.uleb128 0x19
 1688 007a 01       		.uleb128 0x1
 1689 007b 13       		.uleb128 0x13
 1690 007c 00       		.byte	0
 1691 007d 00       		.byte	0
 1692 007e 0A       		.uleb128 0xa
 1693 007f 898201   		.uleb128 0x4109
 1694 0082 01       		.byte	0x1
 1695 0083 11       		.uleb128 0x11
 1696 0084 01       		.uleb128 0x1
 1697 0085 31       		.uleb128 0x31
 1698 0086 13       		.uleb128 0x13
 1699 0087 01       		.uleb128 0x1
 1700 0088 13       		.uleb128 0x13
 1701 0089 00       		.byte	0
 1702 008a 00       		.byte	0
 1703 008b 0B       		.uleb128 0xb
 1704 008c 8A8201   		.uleb128 0x410a
 1705 008f 00       		.byte	0
 1706 0090 02       		.uleb128 0x2
 1707 0091 18       		.uleb128 0x18
 1708 0092 9142     		.uleb128 0x2111
 1709 0094 18       		.uleb128 0x18
 1710 0095 00       		.byte	0
 1711 0096 00       		.byte	0
 1712 0097 0C       		.uleb128 0xc
 1713 0098 898201   		.uleb128 0x4109
 1714 009b 01       		.byte	0x1
 1715 009c 11       		.uleb128 0x11
 1716 009d 01       		.uleb128 0x1
 1717 009e 31       		.uleb128 0x31
 1718 009f 13       		.uleb128 0x13
 1719 00a0 00       		.byte	0
 1720 00a1 00       		.byte	0
 1721 00a2 0D       		.uleb128 0xd
 1722 00a3 898201   		.uleb128 0x4109
ARM GAS  C:\Users\marlowea\AppData\Local\Temp\cckZ9Kb3.s 			page 35


 1723 00a6 00       		.byte	0
 1724 00a7 11       		.uleb128 0x11
 1725 00a8 01       		.uleb128 0x1
 1726 00a9 31       		.uleb128 0x31
 1727 00aa 13       		.uleb128 0x13
 1728 00ab 00       		.byte	0
 1729 00ac 00       		.byte	0
 1730 00ad 0E       		.uleb128 0xe
 1731 00ae 2E       		.uleb128 0x2e
 1732 00af 01       		.byte	0x1
 1733 00b0 3F       		.uleb128 0x3f
 1734 00b1 19       		.uleb128 0x19
 1735 00b2 03       		.uleb128 0x3
 1736 00b3 0E       		.uleb128 0xe
 1737 00b4 3A       		.uleb128 0x3a
 1738 00b5 0B       		.uleb128 0xb
 1739 00b6 3B       		.uleb128 0x3b
 1740 00b7 0B       		.uleb128 0xb
 1741 00b8 27       		.uleb128 0x27
 1742 00b9 19       		.uleb128 0x19
 1743 00ba 11       		.uleb128 0x11
 1744 00bb 01       		.uleb128 0x1
 1745 00bc 12       		.uleb128 0x12
 1746 00bd 06       		.uleb128 0x6
 1747 00be 40       		.uleb128 0x40
 1748 00bf 18       		.uleb128 0x18
 1749 00c0 9642     		.uleb128 0x2116
 1750 00c2 19       		.uleb128 0x19
 1751 00c3 01       		.uleb128 0x1
 1752 00c4 13       		.uleb128 0x13
 1753 00c5 00       		.byte	0
 1754 00c6 00       		.byte	0
 1755 00c7 0F       		.uleb128 0xf
 1756 00c8 0B       		.uleb128 0xb
 1757 00c9 01       		.byte	0x1
 1758 00ca 11       		.uleb128 0x11
 1759 00cb 01       		.uleb128 0x1
 1760 00cc 12       		.uleb128 0x12
 1761 00cd 06       		.uleb128 0x6
 1762 00ce 00       		.byte	0
 1763 00cf 00       		.byte	0
 1764 00d0 10       		.uleb128 0x10
 1765 00d1 34       		.uleb128 0x34
 1766 00d2 00       		.byte	0
 1767 00d3 03       		.uleb128 0x3
 1768 00d4 0E       		.uleb128 0xe
 1769 00d5 3A       		.uleb128 0x3a
 1770 00d6 0B       		.uleb128 0xb
 1771 00d7 3B       		.uleb128 0x3b
 1772 00d8 0B       		.uleb128 0xb
 1773 00d9 49       		.uleb128 0x49
 1774 00da 13       		.uleb128 0x13
 1775 00db 02       		.uleb128 0x2
 1776 00dc 17       		.uleb128 0x17
 1777 00dd 00       		.byte	0
 1778 00de 00       		.byte	0
 1779 00df 11       		.uleb128 0x11
ARM GAS  C:\Users\marlowea\AppData\Local\Temp\cckZ9Kb3.s 			page 36


 1780 00e0 2E       		.uleb128 0x2e
 1781 00e1 01       		.byte	0x1
 1782 00e2 3F       		.uleb128 0x3f
 1783 00e3 19       		.uleb128 0x19
 1784 00e4 03       		.uleb128 0x3
 1785 00e5 0E       		.uleb128 0xe
 1786 00e6 3A       		.uleb128 0x3a
 1787 00e7 0B       		.uleb128 0xb
 1788 00e8 3B       		.uleb128 0x3b
 1789 00e9 0B       		.uleb128 0xb
 1790 00ea 27       		.uleb128 0x27
 1791 00eb 19       		.uleb128 0x19
 1792 00ec 49       		.uleb128 0x49
 1793 00ed 13       		.uleb128 0x13
 1794 00ee 8701     		.uleb128 0x87
 1795 00f0 19       		.uleb128 0x19
 1796 00f1 11       		.uleb128 0x11
 1797 00f2 01       		.uleb128 0x1
 1798 00f3 12       		.uleb128 0x12
 1799 00f4 06       		.uleb128 0x6
 1800 00f5 40       		.uleb128 0x40
 1801 00f6 18       		.uleb128 0x18
 1802 00f7 9742     		.uleb128 0x2117
 1803 00f9 19       		.uleb128 0x19
 1804 00fa 01       		.uleb128 0x1
 1805 00fb 13       		.uleb128 0x13
 1806 00fc 00       		.byte	0
 1807 00fd 00       		.byte	0
 1808 00fe 12       		.uleb128 0x12
 1809 00ff 0B       		.uleb128 0xb
 1810 0100 01       		.byte	0x1
 1811 0101 55       		.uleb128 0x55
 1812 0102 17       		.uleb128 0x17
 1813 0103 01       		.uleb128 0x1
 1814 0104 13       		.uleb128 0x13
 1815 0105 00       		.byte	0
 1816 0106 00       		.byte	0
 1817 0107 13       		.uleb128 0x13
 1818 0108 34       		.uleb128 0x34
 1819 0109 00       		.byte	0
 1820 010a 03       		.uleb128 0x3
 1821 010b 08       		.uleb128 0x8
 1822 010c 3A       		.uleb128 0x3a
 1823 010d 0B       		.uleb128 0xb
 1824 010e 3B       		.uleb128 0x3b
 1825 010f 0B       		.uleb128 0xb
 1826 0110 49       		.uleb128 0x49
 1827 0111 13       		.uleb128 0x13
 1828 0112 02       		.uleb128 0x2
 1829 0113 17       		.uleb128 0x17
 1830 0114 00       		.byte	0
 1831 0115 00       		.byte	0
 1832 0116 14       		.uleb128 0x14
 1833 0117 34       		.uleb128 0x34
 1834 0118 00       		.byte	0
 1835 0119 03       		.uleb128 0x3
 1836 011a 0E       		.uleb128 0xe
ARM GAS  C:\Users\marlowea\AppData\Local\Temp\cckZ9Kb3.s 			page 37


 1837 011b 3A       		.uleb128 0x3a
 1838 011c 0B       		.uleb128 0xb
 1839 011d 3B       		.uleb128 0x3b
 1840 011e 05       		.uleb128 0x5
 1841 011f 49       		.uleb128 0x49
 1842 0120 13       		.uleb128 0x13
 1843 0121 3F       		.uleb128 0x3f
 1844 0122 19       		.uleb128 0x19
 1845 0123 3C       		.uleb128 0x3c
 1846 0124 19       		.uleb128 0x19
 1847 0125 00       		.byte	0
 1848 0126 00       		.byte	0
 1849 0127 15       		.uleb128 0x15
 1850 0128 34       		.uleb128 0x34
 1851 0129 00       		.byte	0
 1852 012a 03       		.uleb128 0x3
 1853 012b 0E       		.uleb128 0xe
 1854 012c 3A       		.uleb128 0x3a
 1855 012d 0B       		.uleb128 0xb
 1856 012e 3B       		.uleb128 0x3b
 1857 012f 0B       		.uleb128 0xb
 1858 0130 49       		.uleb128 0x49
 1859 0131 13       		.uleb128 0x13
 1860 0132 3F       		.uleb128 0x3f
 1861 0133 19       		.uleb128 0x19
 1862 0134 02       		.uleb128 0x2
 1863 0135 18       		.uleb128 0x18
 1864 0136 00       		.byte	0
 1865 0137 00       		.byte	0
 1866 0138 16       		.uleb128 0x16
 1867 0139 01       		.uleb128 0x1
 1868 013a 01       		.byte	0x1
 1869 013b 49       		.uleb128 0x49
 1870 013c 13       		.uleb128 0x13
 1871 013d 01       		.uleb128 0x1
 1872 013e 13       		.uleb128 0x13
 1873 013f 00       		.byte	0
 1874 0140 00       		.byte	0
 1875 0141 17       		.uleb128 0x17
 1876 0142 21       		.uleb128 0x21
 1877 0143 00       		.byte	0
 1878 0144 49       		.uleb128 0x49
 1879 0145 13       		.uleb128 0x13
 1880 0146 2F       		.uleb128 0x2f
 1881 0147 05       		.uleb128 0x5
 1882 0148 00       		.byte	0
 1883 0149 00       		.byte	0
 1884 014a 18       		.uleb128 0x18
 1885 014b 21       		.uleb128 0x21
 1886 014c 00       		.byte	0
 1887 014d 49       		.uleb128 0x49
 1888 014e 13       		.uleb128 0x13
 1889 014f 2F       		.uleb128 0x2f
 1890 0150 0B       		.uleb128 0xb
 1891 0151 00       		.byte	0
 1892 0152 00       		.byte	0
 1893 0153 19       		.uleb128 0x19
ARM GAS  C:\Users\marlowea\AppData\Local\Temp\cckZ9Kb3.s 			page 38


 1894 0154 2E       		.uleb128 0x2e
 1895 0155 00       		.byte	0
 1896 0156 3F       		.uleb128 0x3f
 1897 0157 19       		.uleb128 0x19
 1898 0158 3C       		.uleb128 0x3c
 1899 0159 19       		.uleb128 0x19
 1900 015a 6E       		.uleb128 0x6e
 1901 015b 0E       		.uleb128 0xe
 1902 015c 03       		.uleb128 0x3
 1903 015d 0E       		.uleb128 0xe
 1904 015e 3A       		.uleb128 0x3a
 1905 015f 0B       		.uleb128 0xb
 1906 0160 3B       		.uleb128 0x3b
 1907 0161 0B       		.uleb128 0xb
 1908 0162 00       		.byte	0
 1909 0163 00       		.byte	0
 1910 0164 1A       		.uleb128 0x1a
 1911 0165 2E       		.uleb128 0x2e
 1912 0166 00       		.byte	0
 1913 0167 3F       		.uleb128 0x3f
 1914 0168 19       		.uleb128 0x19
 1915 0169 3C       		.uleb128 0x3c
 1916 016a 19       		.uleb128 0x19
 1917 016b 6E       		.uleb128 0x6e
 1918 016c 0E       		.uleb128 0xe
 1919 016d 03       		.uleb128 0x3
 1920 016e 0E       		.uleb128 0xe
 1921 016f 3A       		.uleb128 0x3a
 1922 0170 0B       		.uleb128 0xb
 1923 0171 3B       		.uleb128 0x3b
 1924 0172 05       		.uleb128 0x5
 1925 0173 00       		.byte	0
 1926 0174 00       		.byte	0
 1927 0175 00       		.byte	0
 1928              		.section	.debug_loc,"",%progbits
 1929              	.Ldebug_loc0:
 1930              	.LLST0:
 1931 0000 26000000 		.4byte	.LVL8
 1932 0004 2A000000 		.4byte	.LVL9
 1933 0008 0200     		.2byte	0x2
 1934 000a 30       		.byte	0x30
 1935 000b 9F       		.byte	0x9f
 1936 000c 2A000000 		.4byte	.LVL9
 1937 0010 2C000000 		.4byte	.LVL10
 1938 0014 0300     		.2byte	0x3
 1939 0016 70       		.byte	0x70
 1940 0017 01       		.sleb128 1
 1941 0018 9F       		.byte	0x9f
 1942 0019 2C000000 		.4byte	.LVL10
 1943 001d 2F000000 		.4byte	.LVL11-1
 1944 0021 0100     		.2byte	0x1
 1945 0023 50       		.byte	0x50
 1946 0024 00000000 		.4byte	0
 1947 0028 00000000 		.4byte	0
 1948              	.LLST1:
 1949 002c A0000000 		.4byte	.LVL45
 1950 0030 BC000000 		.4byte	.LVL49
ARM GAS  C:\Users\marlowea\AppData\Local\Temp\cckZ9Kb3.s 			page 39


 1951 0034 0100     		.2byte	0x1
 1952 0036 54       		.byte	0x54
 1953 0037 BE000000 		.4byte	.LVL50
 1954 003b D6000000 		.4byte	.LVL52
 1955 003f 0100     		.2byte	0x1
 1956 0041 54       		.byte	0x54
 1957 0042 00000000 		.4byte	0
 1958 0046 00000000 		.4byte	0
 1959              		.section	.debug_aranges,"",%progbits
 1960 0000 44000000 		.4byte	0x44
 1961 0004 0200     		.2byte	0x2
 1962 0006 00000000 		.4byte	.Ldebug_info0
 1963 000a 04       		.byte	0x4
 1964 000b 00       		.byte	0
 1965 000c 0000     		.2byte	0
 1966 000e 0000     		.2byte	0
 1967 0010 00000000 		.4byte	.LFB63
 1968 0014 E4000000 		.4byte	.LFE63-.LFB63
 1969 0018 00000000 		.4byte	.LFB64
 1970 001c 1C000000 		.4byte	.LFE64-.LFB64
 1971 0020 00000000 		.4byte	.LFB65
 1972 0024 7C000000 		.4byte	.LFE65-.LFB65
 1973 0028 00000000 		.4byte	.LFB66
 1974 002c 28000000 		.4byte	.LFE66-.LFB66
 1975 0030 00000000 		.4byte	.LFB67
 1976 0034 2C000000 		.4byte	.LFE67-.LFB67
 1977 0038 00000000 		.4byte	.LFB68
 1978 003c 7C010000 		.4byte	.LFE68-.LFB68
 1979 0040 00000000 		.4byte	0
 1980 0044 00000000 		.4byte	0
 1981              		.section	.debug_ranges,"",%progbits
 1982              	.Ldebug_ranges0:
 1983 0000 A0000000 		.4byte	.LBB3
 1984 0004 BC000000 		.4byte	.LBE3
 1985 0008 BE000000 		.4byte	.LBB4
 1986 000c C2000000 		.4byte	.LBE4
 1987 0010 00000000 		.4byte	0
 1988 0014 00000000 		.4byte	0
 1989 0018 00000000 		.4byte	.LFB63
 1990 001c E4000000 		.4byte	.LFE63
 1991 0020 00000000 		.4byte	.LFB64
 1992 0024 1C000000 		.4byte	.LFE64
 1993 0028 00000000 		.4byte	.LFB65
 1994 002c 7C000000 		.4byte	.LFE65
 1995 0030 00000000 		.4byte	.LFB66
 1996 0034 28000000 		.4byte	.LFE66
 1997 0038 00000000 		.4byte	.LFB67
 1998 003c 2C000000 		.4byte	.LFE67
 1999 0040 00000000 		.4byte	.LFB68
 2000 0044 7C010000 		.4byte	.LFE68
 2001 0048 00000000 		.4byte	0
 2002 004c 00000000 		.4byte	0
 2003              		.section	.debug_line,"",%progbits
 2004              	.Ldebug_line0:
 2005 0000 07030000 		.section	.debug_str,"MS",%progbits,1
 2005      02001D02 
 2005      00000201 
ARM GAS  C:\Users\marlowea\AppData\Local\Temp\cckZ9Kb3.s 			page 40


 2005      FB0E0D00 
 2005      01010101 
 2006              	.LASF64:
 2007 0000 55415254 		.ascii	"UART_GetDTERate\000"
 2007      5F476574 
 2007      44544552 
 2007      61746500 
 2008              	.LASF55:
 2009 0010 494E545F 		.ascii	"INT_RISING_StartEx\000"
 2009      52495349 
 2009      4E475F53 
 2009      74617274 
 2009      457800
 2010              	.LASF44:
 2011 0023 4241434B 		.ascii	"BACKOFF_Stop\000"
 2011      4F46465F 
 2011      53746F70 
 2011      00
 2012              	.LASF25:
 2013 0030 52495349 		.ascii	"RISING\000"
 2013      4E4700
 2014              	.LASF31:
 2015 0037 6C6F7746 		.ascii	"lowFlag\000"
 2015      6C616700 
 2016              	.LASF72:
 2017 003f 49444C45 		.ascii	"IDLE_Read\000"
 2017      5F526561 
 2017      6400
 2018              	.LASF76:
 2019 0049 434F4C4C 		.ascii	"COLLISION_Read\000"
 2019      4953494F 
 2019      4E5F5265 
 2019      616400
 2020              	.LASF80:
 2021 0058 73746174 		.ascii	"state\000"
 2021      6500
 2022              	.LASF2:
 2023 005e 73686F72 		.ascii	"short int\000"
 2023      7420696E 
 2023      7400
 2024              	.LASF17:
 2025 0068 73697A65 		.ascii	"sizetype\000"
 2025      74797065 
 2025      00
 2026              	.LASF69:
 2027 0071 55415254 		.ascii	"UART_GetAll\000"
 2027      5F476574 
 2027      416C6C00 
 2028              	.LASF52:
 2029 007d 55415254 		.ascii	"UART_CDCIsReady\000"
 2029      5F434443 
 2029      49735265 
 2029      61647900 
 2030              	.LASF58:
 2031 008d 54696D65 		.ascii	"Timer_TX_WritePeriod\000"
 2031      725F5458 
 2031      5F577269 
ARM GAS  C:\Users\marlowea\AppData\Local\Temp\cckZ9Kb3.s 			page 41


 2031      74655065 
 2031      72696F64 
 2032              	.LASF48:
 2033 00a2 4241434B 		.ascii	"BACKOFF_Start\000"
 2033      4F46465F 
 2033      53746172 
 2033      7400
 2034              	.LASF60:
 2035 00b0 54696D65 		.ascii	"Timer_TX_ISR_StartEx\000"
 2035      725F5458 
 2035      5F495352 
 2035      5F537461 
 2035      72744578 
 2036              	.LASF19:
 2037 00c5 636F6C6C 		.ascii	"collisionState\000"
 2037      6973696F 
 2037      6E537461 
 2037      746500
 2038              	.LASF47:
 2039 00d4 4241434B 		.ascii	"BACKOFF_WriteCounter\000"
 2039      4F46465F 
 2039      57726974 
 2039      65436F75 
 2039      6E746572 
 2040              	.LASF39:
 2041 00e9 64617461 		.ascii	"dataSize\000"
 2041      53697A65 
 2041      00
 2042              	.LASF73:
 2043 00f2 42555359 		.ascii	"BUSY_Write\000"
 2043      5F577269 
 2043      746500
 2044              	.LASF35:
 2045 00fd 75617274 		.ascii	"uartConnected\000"
 2045      436F6E6E 
 2045      65637465 
 2045      6400
 2046              	.LASF24:
 2047 010b 54494D45 		.ascii	"TIMER\000"
 2047      5200
 2048              	.LASF12:
 2049 0111 666C6F61 		.ascii	"float\000"
 2049      7400
 2050              	.LASF6:
 2051 0117 6C6F6E67 		.ascii	"long long int\000"
 2051      206C6F6E 
 2051      6720696E 
 2051      7400
 2052              	.LASF57:
 2053 0125 54696D65 		.ascii	"Timer_TX_Start\000"
 2053      725F5458 
 2053      5F537461 
 2053      727400
 2054              	.LASF21:
 2055 0134 53746174 		.ascii	"State\000"
 2055      6500
 2056              	.LASF4:
ARM GAS  C:\Users\marlowea\AppData\Local\Temp\cckZ9Kb3.s 			page 42


 2057 013a 6C6F6E67 		.ascii	"long int\000"
 2057      20696E74 
 2057      00
 2058              	.LASF15:
 2059 0143 72656738 		.ascii	"reg8\000"
 2059      00
 2060              	.LASF36:
 2061 0148 434F4E56 		.ascii	"CONVERTED_DATA\000"
 2061      45525445 
 2061      445F4441 
 2061      544100
 2062              	.LASF28:
 2063 0157 55415254 		.ascii	"UART_device\000"
 2063      5F646576 
 2063      69636500 
 2064              	.LASF49:
 2065 0163 54696D65 		.ascii	"Timer_1_WritePeriod\000"
 2065      725F315F 
 2065      57726974 
 2065      65506572 
 2065      696F6400 
 2066              	.LASF50:
 2067 0177 54696D65 		.ascii	"Timer_1_WriteCounter\000"
 2067      725F315F 
 2067      57726974 
 2067      65436F75 
 2067      6E746572 
 2068              	.LASF65:
 2069 018c 55415254 		.ascii	"UART_IsConfigurationChanged\000"
 2069      5F497343 
 2069      6F6E6669 
 2069      67757261 
 2069      74696F6E 
 2070              	.LASF16:
 2071 01a8 6C6F6E67 		.ascii	"long double\000"
 2071      20646F75 
 2071      626C6500 
 2072              	.LASF18:
 2073 01b4 69646C65 		.ascii	"idleState\000"
 2073      53746174 
 2073      6500
 2074              	.LASF43:
 2075 01be 43794465 		.ascii	"CyDelayUs\000"
 2075      6C617955 
 2075      7300
 2076              	.LASF1:
 2077 01c8 756E7369 		.ascii	"unsigned char\000"
 2077      676E6564 
 2077      20636861 
 2077      7200
 2078              	.LASF22:
 2079 01d6 54696D65 		.ascii	"Timer_TX_ISR_HANDLER\000"
 2079      725F5458 
 2079      5F495352 
 2079      5F48414E 
 2079      444C4552 
 2080              	.LASF30:
ARM GAS  C:\Users\marlowea\AppData\Local\Temp\cckZ9Kb3.s 			page 43


 2081 01eb 73797374 		.ascii	"systemState\000"
 2081      656D5374 
 2081      61746500 
 2082              	.LASF37:
 2083 01f7 64617461 		.ascii	"dataConvertedReadOutCount\000"
 2083      436F6E76 
 2083      65727465 
 2083      64526561 
 2083      644F7574 
 2084              	.LASF0:
 2085 0211 7369676E 		.ascii	"signed char\000"
 2085      65642063 
 2085      68617200 
 2086              	.LASF7:
 2087 021d 6C6F6E67 		.ascii	"long long unsigned int\000"
 2087      206C6F6E 
 2087      6720756E 
 2087      7369676E 
 2087      65642069 
 2088              	.LASF46:
 2089 0234 4241434B 		.ascii	"BACKOFF_WritePeriod\000"
 2089      4F46465F 
 2089      57726974 
 2089      65506572 
 2089      696F6400 
 2090              	.LASF8:
 2091 0248 756E7369 		.ascii	"unsigned int\000"
 2091      676E6564 
 2091      20696E74 
 2091      00
 2092              	.LASF54:
 2093 0255 54696D65 		.ascii	"TimerISR_StartEx\000"
 2093      72495352 
 2093      5F537461 
 2093      72744578 
 2093      00
 2094              	.LASF5:
 2095 0266 6C6F6E67 		.ascii	"long unsigned int\000"
 2095      20756E73 
 2095      69676E65 
 2095      6420696E 
 2095      7400
 2096              	.LASF61:
 2097 0278 4241434B 		.ascii	"BACKOFF_ISR_StartEx\000"
 2097      4F46465F 
 2097      4953525F 
 2097      53746172 
 2097      74457800 
 2098              	.LASF26:
 2099 028c 46414C4C 		.ascii	"FALLING\000"
 2099      494E4700 
 2100              	.LASF27:
 2101 0294 6261636B 		.ascii	"backoff\000"
 2101      6F666600 
 2102              	.LASF3:
 2103 029c 73686F72 		.ascii	"short unsigned int\000"
 2103      7420756E 
ARM GAS  C:\Users\marlowea\AppData\Local\Temp\cckZ9Kb3.s 			page 44


 2103      7369676E 
 2103      65642069 
 2103      6E7400
 2104              	.LASF23:
 2105 02af 4241434B 		.ascii	"BACKOFF\000"
 2105      4F464600 
 2106              	.LASF14:
 2107 02b7 63686172 		.ascii	"char\000"
 2107      00
 2108              	.LASF68:
 2109 02bc 55415254 		.ascii	"UART_DataIsReady\000"
 2109      5F446174 
 2109      61497352 
 2109      65616479 
 2109      00
 2110              	.LASF81:
 2111 02cd 6D61696E 		.ascii	"main\000"
 2111      00
 2112              	.LASF63:
 2113 02d2 55415254 		.ascii	"UART_Start\000"
 2113      5F537461 
 2113      727400
 2114              	.LASF10:
 2115 02dd 696E7433 		.ascii	"int32_t\000"
 2115      325F7400 
 2116              	.LASF40:
 2117 02e5 54585F42 		.ascii	"TX_Bit_Counter\000"
 2117      69745F43 
 2117      6F756E74 
 2117      657200
 2118              	.LASF71:
 2119 02f4 49444C45 		.ascii	"IDLE_Write\000"
 2119      5F577269 
 2119      746500
 2120              	.LASF11:
 2121 02ff 75696E74 		.ascii	"uint8\000"
 2121      3800
 2122              	.LASF32:
 2123 0305 5F426F6F 		.ascii	"_Bool\000"
 2123      6C00
 2124              	.LASF41:
 2125 030b 636F756E 		.ascii	"count\000"
 2125      7400
 2126              	.LASF33:
 2127 0311 53455249 		.ascii	"SERIAL_BUFFER\000"
 2127      414C5F42 
 2127      55464645 
 2127      5200
 2128              	.LASF51:
 2129 031f 54696D65 		.ascii	"Timer_1_Start\000"
 2129      725F315F 
 2129      53746172 
 2129      7400
 2130              	.LASF20:
 2131 032d 62757379 		.ascii	"busyState\000"
 2131      53746174 
 2131      6500
ARM GAS  C:\Users\marlowea\AppData\Local\Temp\cckZ9Kb3.s 			page 45


 2132              	.LASF56:
 2133 0337 494E545F 		.ascii	"INT_FALLING_StartEx\000"
 2133      46414C4C 
 2133      494E475F 
 2133      53746172 
 2133      74457800 
 2134              	.LASF74:
 2135 034b 434F4C4C 		.ascii	"COLLISION_Write\000"
 2135      4953494F 
 2135      4E5F5772 
 2135      69746500 
 2136              	.LASF78:
 2137 035b 6D61696E 		.ascii	"main.c\000"
 2137      2E6300
 2138              	.LASF70:
 2139 0362 55415254 		.ascii	"UART_PutCRLF\000"
 2139      5F507574 
 2139      43524C46 
 2139      00
 2140              	.LASF38:
 2141 036f 63757272 		.ascii	"currentChar\000"
 2141      656E7443 
 2141      68617200 
 2142              	.LASF45:
 2143 037b 5052535F 		.ascii	"PRS_Read\000"
 2143      52656164 
 2143      00
 2144              	.LASF13:
 2145 0384 646F7562 		.ascii	"double\000"
 2145      6C6500
 2146              	.LASF75:
 2147 038b 42555359 		.ascii	"BUSY_Read\000"
 2147      5F526561 
 2147      6400
 2148              	.LASF66:
 2149 0395 55415254 		.ascii	"UART_GetConfiguration\000"
 2149      5F476574 
 2149      436F6E66 
 2149      69677572 
 2149      6174696F 
 2150              	.LASF59:
 2151 03ab 54696D65 		.ascii	"Timer_TX_WriteCounter\000"
 2151      725F5458 
 2151      5F577269 
 2151      7465436F 
 2151      756E7465 
 2152              	.LASF79:
 2153 03c1 433A5C55 		.ascii	"C:\\Users\\marlowea\\Desktop\\psocker2017-98b319e88"
 2153      73657273 
 2153      5C6D6172 
 2153      6C6F7765 
 2153      615C4465 
 2154 03f0 63316233 		.ascii	"c1b3c79a4cb1f80342ea31114e18cd6\\networking.cydsn\000"
 2154      63373961 
 2154      34636231 
 2154      66383033 
 2154      34326561 
ARM GAS  C:\Users\marlowea\AppData\Local\Temp\cckZ9Kb3.s 			page 46


 2155              	.LASF9:
 2156 0421 5F5F696E 		.ascii	"__int32_t\000"
 2156      7433325F 
 2156      7400
 2157              	.LASF34:
 2158 042b 53455249 		.ascii	"SERIAL_POS\000"
 2158      414C5F50 
 2158      4F5300
 2159              	.LASF62:
 2160 0436 5052535F 		.ascii	"PRS_Start\000"
 2160      53746172 
 2160      7400
 2161              	.LASF67:
 2162 0440 55415254 		.ascii	"UART_CDC_Init\000"
 2162      5F434443 
 2162      5F496E69 
 2162      7400
 2163              	.LASF42:
 2164 044e 54585F57 		.ascii	"TX_Write\000"
 2164      72697465 
 2164      00
 2165              	.LASF29:
 2166 0457 49544D5F 		.ascii	"ITM_RxBuffer\000"
 2166      52784275 
 2166      66666572 
 2166      00
 2167              	.LASF77:
 2168 0464 474E5520 		.ascii	"GNU C11 5.4.1 20160609 (release) [ARM/embedded-5-br"
 2168      43313120 
 2168      352E342E 
 2168      31203230 
 2168      31363036 
 2169 0497 616E6368 		.ascii	"anch revision 237715] -mcpu=cortex-m3 -mthumb -g -O"
 2169      20726576 
 2169      6973696F 
 2169      6E203233 
 2169      37373135 
 2170 04ca 67202D66 		.ascii	"g -ffunction-sections -ffat-lto-objects\000"
 2170      66756E63 
 2170      74696F6E 
 2170      2D736563 
 2170      74696F6E 
 2171              	.LASF53:
 2172 04f2 55415254 		.ascii	"UART_PutChar\000"
 2172      5F507574 
 2172      43686172 
 2172      00
 2173              		.ident	"GCC: (GNU Tools for ARM Embedded Processors) 5.4.1 20160609 (release) [ARM/embedded-5-bran
